[0.019s] Invoking command in '/root/ros2_ws/src/robotica/ros_intro/build/ros_intro': CMAKE_PREFIX_PATH=${CMAKE_PREFIX_PATH}:/opt/ros/humble /usr/bin/cmake /root/ros2_ws/src/robotica/ros_intro -DCMAKE_INSTALL_PREFIX=/root/ros2_ws/src/robotica/ros_intro/install/ros_intro
[0.113s] -- The C compiler identification is GNU 11.4.0
[0.215s] -- The CXX compiler identification is GNU 11.4.0
[0.229s] -- Detecting C compiler ABI info
[0.354s] -- Detecting C compiler ABI info - done
[0.371s] -- Check for working C compiler: /usr/bin/cc - skipped
[0.372s] -- Detecting C compile features
[0.373s] -- Detecting C compile features - done
[0.383s] -- Detecting CXX compiler ABI info
[0.514s] -- Detecting CXX compiler ABI info - done
[0.524s] -- Check for working CXX compiler: /usr/bin/c++ - skipped
[0.524s] -- Detecting CXX compile features
[0.525s] -- Detecting CXX compile features - done
[0.533s] -- Found ament_cmake: 1.3.12 (/opt/ros/humble/share/ament_cmake/cmake)
[0.792s] -- Found Python3: /usr/bin/python3 (found version "3.10.12") found components: Interpreter 
[0.988s] -- Found rclcpp: 16.0.15 (/opt/ros/humble/share/rclcpp/cmake)
[1.104s] -- Found rosidl_generator_c: 3.1.7 (/opt/ros/humble/share/rosidl_generator_c/cmake)
[1.119s] -- Found rosidl_adapter: 3.1.7 (/opt/ros/humble/share/rosidl_adapter/cmake)
[1.142s] -- Found rosidl_generator_cpp: 3.1.7 (/opt/ros/humble/share/rosidl_generator_cpp/cmake)
[1.172s] -- Using all available rosidl_typesupport_c: rosidl_typesupport_fastrtps_c;rosidl_typesupport_introspection_c
[1.200s] -- Using all available rosidl_typesupport_cpp: rosidl_typesupport_fastrtps_cpp;rosidl_typesupport_introspection_cpp
[1.242s] -- Found rmw_implementation_cmake: 6.1.2 (/opt/ros/humble/share/rmw_implementation_cmake/cmake)
[1.245s] -- Found rmw_fastrtps_cpp: 6.2.8 (/opt/ros/humble/share/rmw_fastrtps_cpp/cmake)
[1.343s] -- Found OpenSSL: /usr/lib/x86_64-linux-gnu/libcrypto.so (found version "3.0.2")  
[1.400s] -- Found FastRTPS: /opt/ros/humble/include  
[1.475s] -- Using RMW implementation 'rmw_fastrtps_cpp' as default
[1.488s] -- Looking for pthread.h
[1.603s] -- Looking for pthread.h - found
[1.603s] -- Performing Test CMAKE_HAVE_LIBC_PTHREAD
[1.732s] -- Performing Test CMAKE_HAVE_LIBC_PTHREAD - Success
[1.734s] -- Found Threads: TRUE  
[1.858s] -- Found geometry_msgs: 4.9.0 (/opt/ros/humble/share/geometry_msgs/cmake)
[1.921s] [31mCMake Error at CMakeLists.txt:18 (find_package):
[1.921s]   By not providing "Findkeyboard_msgs.cmake" in CMAKE_MODULE_PATH this
[1.921s]   project has asked CMake to find a package configuration file provided by
[1.922s]   "keyboard_msgs", but CMake did not find one.
[1.922s] 
[1.922s]   Could not find a package configuration file provided by "keyboard_msgs"
[1.922s]   with any of the following names:
[1.922s] 
[1.922s]     keyboard_msgsConfig.cmake
[1.922s]     keyboard_msgs-config.cmake
[1.922s] 
[1.922s]   Add the installation prefix of "keyboard_msgs" to CMAKE_PREFIX_PATH or set
[1.922s]   "keyboard_msgs_DIR" to a directory containing one of the above files.  If
[1.922s]   "keyboard_msgs" provides a separate development package or SDK, be sure it
[1.922s]   has been installed.
[1.922s] 
[1.922s] [0m
[1.922s] -- Configuring incomplete, errors occurred!
[1.923s] See also "/root/ros2_ws/src/robotica/ros_intro/build/ros_intro/CMakeFiles/CMakeOutput.log".
[1.934s] Invoked command in '/root/ros2_ws/src/robotica/ros_intro/build/ros_intro' returned '1': CMAKE_PREFIX_PATH=${CMAKE_PREFIX_PATH}:/opt/ros/humble /usr/bin/cmake /root/ros2_ws/src/robotica/ros_intro -DCMAKE_INSTALL_PREFIX=/root/ros2_ws/src/robotica/ros_intro/install/ros_intro
