[0.026s] Invoking command in '/root/ros2_ws/src/robotica/build/ros_intro': AMENT_PREFIX_PATH=/root/ros2_ws/src/robotica/install/keyboard_msgs:${AMENT_PREFIX_PATH} CMAKE_PREFIX_PATH=/root/ros2_ws/src/robotica/install/keyboard_msgs:/root/ros2_ws/install/sim_ros2_interface:/opt/ros/humble LD_LIBRARY_PATH=/root/ros2_ws/src/robotica/install/keyboard_msgs/lib:/usr/lib/x86_64-linux-gnu/gazebo-11/plugins:/opt/ros/humble/opt/rviz_ogre_vendor/lib:/opt/ros/humble/lib/x86_64-linux-gnu:/opt/ros/humble/lib:/usr/lib/x86_64-linux-gnu/gazebo-11/plugins PYTHONPATH=/root/ros2_ws/src/robotica/install/keyboard_msgs/local/lib/python3.10/dist-packages:${PYTHONPATH} /usr/bin/cmake --build /root/ros2_ws/src/robotica/build/ros_intro -- -j12 -l12
[0.119s] [35m[1mConsolidate compiler generated dependencies of target keys_to_twist[0m
[0.152s] [100%] Built target keys_to_twist
[0.176s] Invoked command in '/root/ros2_ws/src/robotica/build/ros_intro' returned '0': AMENT_PREFIX_PATH=/root/ros2_ws/src/robotica/install/keyboard_msgs:${AMENT_PREFIX_PATH} CMAKE_PREFIX_PATH=/root/ros2_ws/src/robotica/install/keyboard_msgs:/root/ros2_ws/install/sim_ros2_interface:/opt/ros/humble LD_LIBRARY_PATH=/root/ros2_ws/src/robotica/install/keyboard_msgs/lib:/usr/lib/x86_64-linux-gnu/gazebo-11/plugins:/opt/ros/humble/opt/rviz_ogre_vendor/lib:/opt/ros/humble/lib/x86_64-linux-gnu:/opt/ros/humble/lib:/usr/lib/x86_64-linux-gnu/gazebo-11/plugins PYTHONPATH=/root/ros2_ws/src/robotica/install/keyboard_msgs/local/lib/python3.10/dist-packages:${PYTHONPATH} /usr/bin/cmake --build /root/ros2_ws/src/robotica/build/ros_intro -- -j12 -l12
[0.179s] Invoking command in '/root/ros2_ws/src/robotica/build/ros_intro': AMENT_PREFIX_PATH=/root/ros2_ws/src/robotica/install/keyboard_msgs:${AMENT_PREFIX_PATH} CMAKE_PREFIX_PATH=/root/ros2_ws/src/robotica/install/keyboard_msgs:/root/ros2_ws/install/sim_ros2_interface:/opt/ros/humble LD_LIBRARY_PATH=/root/ros2_ws/src/robotica/install/keyboard_msgs/lib:/usr/lib/x86_64-linux-gnu/gazebo-11/plugins:/opt/ros/humble/opt/rviz_ogre_vendor/lib:/opt/ros/humble/lib/x86_64-linux-gnu:/opt/ros/humble/lib:/usr/lib/x86_64-linux-gnu/gazebo-11/plugins PYTHONPATH=/root/ros2_ws/src/robotica/install/keyboard_msgs/local/lib/python3.10/dist-packages:${PYTHONPATH} /usr/bin/cmake --install /root/ros2_ws/src/robotica/build/ros_intro
[0.193s] -- Install configuration: ""
[0.194s] -- Up-to-date: /root/ros2_ws/src/robotica/install/ros_intro/lib/ros_intro/keys_to_twist
[0.194s] -- Up-to-date: /root/ros2_ws/src/robotica/install/ros_intro/share/ament_index/resource_index/package_run_dependencies/ros_intro
[0.194s] -- Up-to-date: /root/ros2_ws/src/robotica/install/ros_intro/share/ament_index/resource_index/parent_prefix_path/ros_intro
[0.195s] -- Up-to-date: /root/ros2_ws/src/robotica/install/ros_intro/share/ros_intro/environment/ament_prefix_path.sh
[0.195s] -- Up-to-date: /root/ros2_ws/src/robotica/install/ros_intro/share/ros_intro/environment/ament_prefix_path.dsv
[0.195s] -- Up-to-date: /root/ros2_ws/src/robotica/install/ros_intro/share/ros_intro/environment/path.sh
[0.196s] -- Up-to-date: /root/ros2_ws/src/robotica/install/ros_intro/share/ros_intro/environment/path.dsv
[0.196s] -- Up-to-date: /root/ros2_ws/src/robotica/install/ros_intro/share/ros_intro/local_setup.bash
[0.196s] -- Up-to-date: /root/ros2_ws/src/robotica/install/ros_intro/share/ros_intro/local_setup.sh
[0.196s] -- Up-to-date: /root/ros2_ws/src/robotica/install/ros_intro/share/ros_intro/local_setup.zsh
[0.196s] -- Up-to-date: /root/ros2_ws/src/robotica/install/ros_intro/share/ros_intro/local_setup.dsv
[0.197s] -- Installing: /root/ros2_ws/src/robotica/install/ros_intro/share/ros_intro/package.dsv
[0.197s] -- Up-to-date: /root/ros2_ws/src/robotica/install/ros_intro/share/ament_index/resource_index/packages/ros_intro
[0.197s] -- Up-to-date: /root/ros2_ws/src/robotica/install/ros_intro/share/ros_intro/cmake/ros_introConfig.cmake
[0.197s] -- Up-to-date: /root/ros2_ws/src/robotica/install/ros_intro/share/ros_intro/cmake/ros_introConfig-version.cmake
[0.198s] -- Up-to-date: /root/ros2_ws/src/robotica/install/ros_intro/share/ros_intro/package.xml
[0.201s] Invoked command in '/root/ros2_ws/src/robotica/build/ros_intro' returned '0': AMENT_PREFIX_PATH=/root/ros2_ws/src/robotica/install/keyboard_msgs:${AMENT_PREFIX_PATH} CMAKE_PREFIX_PATH=/root/ros2_ws/src/robotica/install/keyboard_msgs:/root/ros2_ws/install/sim_ros2_interface:/opt/ros/humble LD_LIBRARY_PATH=/root/ros2_ws/src/robotica/install/keyboard_msgs/lib:/usr/lib/x86_64-linux-gnu/gazebo-11/plugins:/opt/ros/humble/opt/rviz_ogre_vendor/lib:/opt/ros/humble/lib/x86_64-linux-gnu:/opt/ros/humble/lib:/usr/lib/x86_64-linux-gnu/gazebo-11/plugins PYTHONPATH=/root/ros2_ws/src/robotica/install/keyboard_msgs/local/lib/python3.10/dist-packages:${PYTHONPATH} /usr/bin/cmake --install /root/ros2_ws/src/robotica/build/ros_intro
