[0.018s] Invoking command in '/root/ros2_ws/src/robotica/build/keyboard_msgs': CMAKE_PREFIX_PATH=${CMAKE_PREFIX_PATH}:/opt/ros/humble /usr/bin/cmake --build /root/ros2_ws/src/robotica/build/keyboard_msgs -- -j12 -l12
[0.082s] [35m[1mConsolidate compiler generated dependencies of target keyboard_msgs__rosidl_generator_c[0m
[0.096s] [  3%] Built target keyboard_msgs__cpp
[0.101s] [ 12%] Built target keyboard_msgs__rosidl_generator_c
[0.118s] [35m[1mConsolidate compiler generated dependencies of target keyboard_msgs__rosidl_typesupport_cpp[0m
[0.119s] [ 12%] Built target ament_cmake_python_copy_keyboard_msgs
[0.121s] [35m[1mConsolidate compiler generated dependencies of target keyboard_msgs__rosidl_typesupport_fastrtps_cpp[0m
[0.127s] [35m[1mConsolidate compiler generated dependencies of target keyboard_msgs__rosidl_typesupport_introspection_c[0m
[0.127s] [35m[1mConsolidate compiler generated dependencies of target keyboard_msgs__rosidl_typesupport_fastrtps_c[0m
[0.130s] [35m[1mConsolidate compiler generated dependencies of target keyboard_msgs__rosidl_typesupport_introspection_cpp[0m
[0.135s] [35m[1mConsolidate compiler generated dependencies of target keyboard_msgs__rosidl_typesupport_c[0m
[0.160s] [ 22%] Built target keyboard_msgs__rosidl_typesupport_introspection_c
[0.162s] [ 41%] Built target keyboard_msgs__rosidl_typesupport_cpp
[0.162s] [ 41%] Built target keyboard_msgs__rosidl_typesupport_fastrtps_cpp
[0.166s] [ 51%] Built target keyboard_msgs__rosidl_typesupport_fastrtps_c
[0.168s] [ 61%] Built target keyboard_msgs__rosidl_typesupport_introspection_cpp
[0.169s] [ 70%] Built target keyboard_msgs__rosidl_typesupport_c
[0.190s] [ 70%] Built target keyboard_msgs
[0.208s] [ 74%] Built target keyboard_msgs__py
[0.217s] [35m[1mConsolidate compiler generated dependencies of target keyboard_msgs__rosidl_generator_py[0m
[0.228s] [ 80%] Built target keyboard_msgs__rosidl_generator_py
[0.236s] [35m[1mConsolidate compiler generated dependencies of target keyboard_msgs__rosidl_typesupport_c__pyext[0m
[0.238s] [35m[1mConsolidate compiler generated dependencies of target keyboard_msgs__rosidl_typesupport_introspection_c__pyext[0m
[0.239s] [35m[1mConsolidate compiler generated dependencies of target keyboard_msgs__rosidl_typesupport_fastrtps_c__pyext[0m
[0.246s] [ 87%] Built target keyboard_msgs__rosidl_typesupport_c__pyext
[0.246s] [ 93%] Built target keyboard_msgs__rosidl_typesupport_introspection_c__pyext
[0.251s] [100%] Built target keyboard_msgs__rosidl_typesupport_fastrtps_c__pyext
[0.299s] running egg_info
[0.300s] writing keyboard_msgs.egg-info/PKG-INFO
[0.300s] writing dependency_links to keyboard_msgs.egg-info/dependency_links.txt
[0.300s] writing top-level names to keyboard_msgs.egg-info/top_level.txt
[0.302s] reading manifest file 'keyboard_msgs.egg-info/SOURCES.txt'
[0.302s] writing manifest file 'keyboard_msgs.egg-info/SOURCES.txt'
[0.325s] [100%] Built target ament_cmake_python_build_keyboard_msgs_egg
[0.335s] Invoked command in '/root/ros2_ws/src/robotica/build/keyboard_msgs' returned '0': CMAKE_PREFIX_PATH=${CMAKE_PREFIX_PATH}:/opt/ros/humble /usr/bin/cmake --build /root/ros2_ws/src/robotica/build/keyboard_msgs -- -j12 -l12
[0.343s] Invoking command in '/root/ros2_ws/src/robotica/build/keyboard_msgs': CMAKE_PREFIX_PATH=${CMAKE_PREFIX_PATH}:/opt/ros/humble /usr/bin/cmake --install /root/ros2_ws/src/robotica/build/keyboard_msgs
[0.353s] -- Install configuration: ""
[0.353s] -- Up-to-date: /root/ros2_ws/src/robotica/install/keyboard_msgs/share/ament_index/resource_index/rosidl_interfaces/keyboard_msgs
[0.353s] -- Up-to-date: /root/ros2_ws/src/robotica/install/keyboard_msgs/include/keyboard_msgs/keyboard_msgs
[0.353s] -- Up-to-date: /root/ros2_ws/src/robotica/install/keyboard_msgs/include/keyboard_msgs/keyboard_msgs/msg
[0.354s] -- Up-to-date: /root/ros2_ws/src/robotica/install/keyboard_msgs/include/keyboard_msgs/keyboard_msgs/msg/rosidl_generator_c__visibility_control.h
[0.354s] -- Up-to-date: /root/ros2_ws/src/robotica/install/keyboard_msgs/include/keyboard_msgs/keyboard_msgs/msg/key.h
[0.354s] -- Up-to-date: /root/ros2_ws/src/robotica/install/keyboard_msgs/include/keyboard_msgs/keyboard_msgs/msg/detail
[0.354s] -- Up-to-date: /root/ros2_ws/src/robotica/install/keyboard_msgs/include/keyboard_msgs/keyboard_msgs/msg/detail/key__struct.h
[0.354s] -- Up-to-date: /root/ros2_ws/src/robotica/install/keyboard_msgs/include/keyboard_msgs/keyboard_msgs/msg/detail/key__functions.h
[0.354s] -- Up-to-date: /root/ros2_ws/src/robotica/install/keyboard_msgs/include/keyboard_msgs/keyboard_msgs/msg/detail/key__functions.c
[0.354s] -- Up-to-date: /root/ros2_ws/src/robotica/install/keyboard_msgs/include/keyboard_msgs/keyboard_msgs/msg/detail/key__type_support.h
[0.354s] -- Up-to-date: /root/ros2_ws/src/robotica/install/keyboard_msgs/share/keyboard_msgs/environment/library_path.sh
[0.354s] -- Up-to-date: /root/ros2_ws/src/robotica/install/keyboard_msgs/share/keyboard_msgs/environment/library_path.dsv
[0.354s] -- Up-to-date: /root/ros2_ws/src/robotica/install/keyboard_msgs/lib/libkeyboard_msgs__rosidl_generator_c.so
[0.354s] -- Up-to-date: /root/ros2_ws/src/robotica/install/keyboard_msgs/include/keyboard_msgs/keyboard_msgs
[0.355s] -- Up-to-date: /root/ros2_ws/src/robotica/install/keyboard_msgs/include/keyboard_msgs/keyboard_msgs/msg
[0.355s] -- Up-to-date: /root/ros2_ws/src/robotica/install/keyboard_msgs/include/keyboard_msgs/keyboard_msgs/msg/rosidl_typesupport_fastrtps_c__visibility_control.h
[0.355s] -- Up-to-date: /root/ros2_ws/src/robotica/install/keyboard_msgs/include/keyboard_msgs/keyboard_msgs/msg/detail
[0.355s] -- Up-to-date: /root/ros2_ws/src/robotica/install/keyboard_msgs/include/keyboard_msgs/keyboard_msgs/msg/detail/key__rosidl_typesupport_fastrtps_c.h
[0.355s] -- Up-to-date: /root/ros2_ws/src/robotica/install/keyboard_msgs/lib/libkeyboard_msgs__rosidl_typesupport_fastrtps_c.so
[0.355s] -- Up-to-date: /root/ros2_ws/src/robotica/install/keyboard_msgs/include/keyboard_msgs/keyboard_msgs
[0.355s] -- Up-to-date: /root/ros2_ws/src/robotica/install/keyboard_msgs/include/keyboard_msgs/keyboard_msgs/msg
[0.355s] -- Up-to-date: /root/ros2_ws/src/robotica/install/keyboard_msgs/include/keyboard_msgs/keyboard_msgs/msg/key.hpp
[0.355s] -- Up-to-date: /root/ros2_ws/src/robotica/install/keyboard_msgs/include/keyboard_msgs/keyboard_msgs/msg/rosidl_generator_cpp__visibility_control.hpp
[0.355s] -- Up-to-date: /root/ros2_ws/src/robotica/install/keyboard_msgs/include/keyboard_msgs/keyboard_msgs/msg/detail
[0.355s] -- Up-to-date: /root/ros2_ws/src/robotica/install/keyboard_msgs/include/keyboard_msgs/keyboard_msgs/msg/detail/key__type_support.hpp
[0.355s] -- Up-to-date: /root/ros2_ws/src/robotica/install/keyboard_msgs/include/keyboard_msgs/keyboard_msgs/msg/detail/key__builder.hpp
[0.355s] -- Up-to-date: /root/ros2_ws/src/robotica/install/keyboard_msgs/include/keyboard_msgs/keyboard_msgs/msg/detail/key__traits.hpp
[0.356s] -- Up-to-date: /root/ros2_ws/src/robotica/install/keyboard_msgs/include/keyboard_msgs/keyboard_msgs/msg/detail/key__struct.hpp
[0.356s] -- Up-to-date: /root/ros2_ws/src/robotica/install/keyboard_msgs/include/keyboard_msgs/keyboard_msgs
[0.356s] -- Up-to-date: /root/ros2_ws/src/robotica/install/keyboard_msgs/include/keyboard_msgs/keyboard_msgs/msg
[0.356s] -- Up-to-date: /root/ros2_ws/src/robotica/install/keyboard_msgs/include/keyboard_msgs/keyboard_msgs/msg/rosidl_typesupport_fastrtps_cpp__visibility_control.h
[0.356s] -- Up-to-date: /root/ros2_ws/src/robotica/install/keyboard_msgs/include/keyboard_msgs/keyboard_msgs/msg/detail
[0.356s] -- Up-to-date: /root/ros2_ws/src/robotica/install/keyboard_msgs/include/keyboard_msgs/keyboard_msgs/msg/detail/dds_fastrtps
[0.356s] -- Up-to-date: /root/ros2_ws/src/robotica/install/keyboard_msgs/include/keyboard_msgs/keyboard_msgs/msg/detail/key__rosidl_typesupport_fastrtps_cpp.hpp
[0.356s] -- Up-to-date: /root/ros2_ws/src/robotica/install/keyboard_msgs/lib/libkeyboard_msgs__rosidl_typesupport_fastrtps_cpp.so
[0.356s] -- Up-to-date: /root/ros2_ws/src/robotica/install/keyboard_msgs/include/keyboard_msgs/keyboard_msgs
[0.356s] -- Up-to-date: /root/ros2_ws/src/robotica/install/keyboard_msgs/include/keyboard_msgs/keyboard_msgs/msg
[0.356s] -- Up-to-date: /root/ros2_ws/src/robotica/install/keyboard_msgs/include/keyboard_msgs/keyboard_msgs/msg/rosidl_typesupport_introspection_c__visibility_control.h
[0.356s] -- Up-to-date: /root/ros2_ws/src/robotica/install/keyboard_msgs/include/keyboard_msgs/keyboard_msgs/msg/detail
[0.356s] -- Up-to-date: /root/ros2_ws/src/robotica/install/keyboard_msgs/include/keyboard_msgs/keyboard_msgs/msg/detail/key__type_support.c
[0.356s] -- Up-to-date: /root/ros2_ws/src/robotica/install/keyboard_msgs/include/keyboard_msgs/keyboard_msgs/msg/detail/key__rosidl_typesupport_introspection_c.h
[0.357s] -- Up-to-date: /root/ros2_ws/src/robotica/install/keyboard_msgs/lib/libkeyboard_msgs__rosidl_typesupport_introspection_c.so
[0.357s] -- Up-to-date: /root/ros2_ws/src/robotica/install/keyboard_msgs/lib/libkeyboard_msgs__rosidl_typesupport_c.so
[0.357s] -- Up-to-date: /root/ros2_ws/src/robotica/install/keyboard_msgs/include/keyboard_msgs/keyboard_msgs
[0.357s] -- Up-to-date: /root/ros2_ws/src/robotica/install/keyboard_msgs/include/keyboard_msgs/keyboard_msgs/msg
[0.357s] -- Up-to-date: /root/ros2_ws/src/robotica/install/keyboard_msgs/include/keyboard_msgs/keyboard_msgs/msg/detail
[0.357s] -- Up-to-date: /root/ros2_ws/src/robotica/install/keyboard_msgs/include/keyboard_msgs/keyboard_msgs/msg/detail/key__type_support.cpp
[0.357s] -- Up-to-date: /root/ros2_ws/src/robotica/install/keyboard_msgs/include/keyboard_msgs/keyboard_msgs/msg/detail/key__rosidl_typesupport_introspection_cpp.hpp
[0.357s] -- Up-to-date: /root/ros2_ws/src/robotica/install/keyboard_msgs/lib/libkeyboard_msgs__rosidl_typesupport_introspection_cpp.so
[0.357s] -- Up-to-date: /root/ros2_ws/src/robotica/install/keyboard_msgs/lib/libkeyboard_msgs__rosidl_typesupport_cpp.so
[0.357s] -- Up-to-date: /root/ros2_ws/src/robotica/install/keyboard_msgs/share/keyboard_msgs/environment/pythonpath.sh
[0.357s] -- Up-to-date: /root/ros2_ws/src/robotica/install/keyboard_msgs/share/keyboard_msgs/environment/pythonpath.dsv
[0.357s] -- Up-to-date: /root/ros2_ws/src/robotica/install/keyboard_msgs/local/lib/python3.10/dist-packages/keyboard_msgs-1.0.0-py3.10.egg-info
[0.357s] -- Installing: /root/ros2_ws/src/robotica/install/keyboard_msgs/local/lib/python3.10/dist-packages/keyboard_msgs-1.0.0-py3.10.egg-info/PKG-INFO
[0.358s] -- Installing: /root/ros2_ws/src/robotica/install/keyboard_msgs/local/lib/python3.10/dist-packages/keyboard_msgs-1.0.0-py3.10.egg-info/top_level.txt
[0.358s] -- Installing: /root/ros2_ws/src/robotica/install/keyboard_msgs/local/lib/python3.10/dist-packages/keyboard_msgs-1.0.0-py3.10.egg-info/SOURCES.txt
[0.358s] -- Installing: /root/ros2_ws/src/robotica/install/keyboard_msgs/local/lib/python3.10/dist-packages/keyboard_msgs-1.0.0-py3.10.egg-info/dependency_links.txt
[0.358s] -- Up-to-date: /root/ros2_ws/src/robotica/install/keyboard_msgs/local/lib/python3.10/dist-packages/keyboard_msgs
[0.358s] -- Up-to-date: /root/ros2_ws/src/robotica/install/keyboard_msgs/local/lib/python3.10/dist-packages/keyboard_msgs/_keyboard_msgs_s.ep.rosidl_typesupport_introspection_c.c
[0.358s] -- Up-to-date: /root/ros2_ws/src/robotica/install/keyboard_msgs/local/lib/python3.10/dist-packages/keyboard_msgs/keyboard_msgs_s__rosidl_typesupport_fastrtps_c.cpython-310-x86_64-linux-gnu.so
[0.358s] -- Up-to-date: /root/ros2_ws/src/robotica/install/keyboard_msgs/local/lib/python3.10/dist-packages/keyboard_msgs/libkeyboard_msgs__rosidl_generator_py.so
[0.358s] -- Up-to-date: /root/ros2_ws/src/robotica/install/keyboard_msgs/local/lib/python3.10/dist-packages/keyboard_msgs/keyboard_msgs_s__rosidl_typesupport_c.cpython-310-x86_64-linux-gnu.so
[0.358s] -- Up-to-date: /root/ros2_ws/src/robotica/install/keyboard_msgs/local/lib/python3.10/dist-packages/keyboard_msgs/msg
[0.358s] -- Up-to-date: /root/ros2_ws/src/robotica/install/keyboard_msgs/local/lib/python3.10/dist-packages/keyboard_msgs/msg/_key.py
[0.358s] -- Up-to-date: /root/ros2_ws/src/robotica/install/keyboard_msgs/local/lib/python3.10/dist-packages/keyboard_msgs/msg/_key_s.c
[0.358s] -- Up-to-date: /root/ros2_ws/src/robotica/install/keyboard_msgs/local/lib/python3.10/dist-packages/keyboard_msgs/msg/__init__.py
[0.359s] -- Up-to-date: /root/ros2_ws/src/robotica/install/keyboard_msgs/local/lib/python3.10/dist-packages/keyboard_msgs/__init__.py
[0.359s] -- Up-to-date: /root/ros2_ws/src/robotica/install/keyboard_msgs/local/lib/python3.10/dist-packages/keyboard_msgs/keyboard_msgs_s__rosidl_typesupport_introspection_c.cpython-310-x86_64-linux-gnu.so
[0.359s] -- Up-to-date: /root/ros2_ws/src/robotica/install/keyboard_msgs/local/lib/python3.10/dist-packages/keyboard_msgs/_keyboard_msgs_s.ep.rosidl_typesupport_fastrtps_c.c
[0.359s] -- Up-to-date: /root/ros2_ws/src/robotica/install/keyboard_msgs/local/lib/python3.10/dist-packages/keyboard_msgs/_keyboard_msgs_s.ep.rosidl_typesupport_c.c
[0.415s] Listing '/root/ros2_ws/src/robotica/install/keyboard_msgs/local/lib/python3.10/dist-packages/keyboard_msgs'...
[0.416s] Listing '/root/ros2_ws/src/robotica/install/keyboard_msgs/local/lib/python3.10/dist-packages/keyboard_msgs/msg'...
[0.423s] -- Up-to-date: /root/ros2_ws/src/robotica/install/keyboard_msgs/local/lib/python3.10/dist-packages/keyboard_msgs/keyboard_msgs_s__rosidl_typesupport_fastrtps_c.cpython-310-x86_64-linux-gnu.so
[0.423s] -- Up-to-date: /root/ros2_ws/src/robotica/install/keyboard_msgs/local/lib/python3.10/dist-packages/keyboard_msgs/keyboard_msgs_s__rosidl_typesupport_introspection_c.cpython-310-x86_64-linux-gnu.so
[0.424s] -- Up-to-date: /root/ros2_ws/src/robotica/install/keyboard_msgs/local/lib/python3.10/dist-packages/keyboard_msgs/keyboard_msgs_s__rosidl_typesupport_c.cpython-310-x86_64-linux-gnu.so
[0.424s] -- Up-to-date: /root/ros2_ws/src/robotica/install/keyboard_msgs/lib/libkeyboard_msgs__rosidl_generator_py.so
[0.424s] -- Up-to-date: /root/ros2_ws/src/robotica/install/keyboard_msgs/share/keyboard_msgs/msg/Key.idl
[0.424s] -- Up-to-date: /root/ros2_ws/src/robotica/install/keyboard_msgs/share/keyboard_msgs/msg/Key.msg
[0.424s] -- Up-to-date: /root/ros2_ws/src/robotica/install/keyboard_msgs/share/ament_index/resource_index/package_run_dependencies/keyboard_msgs
[0.425s] -- Up-to-date: /root/ros2_ws/src/robotica/install/keyboard_msgs/share/ament_index/resource_index/parent_prefix_path/keyboard_msgs
[0.425s] -- Up-to-date: /root/ros2_ws/src/robotica/install/keyboard_msgs/share/keyboard_msgs/environment/ament_prefix_path.sh
[0.425s] -- Up-to-date: /root/ros2_ws/src/robotica/install/keyboard_msgs/share/keyboard_msgs/environment/ament_prefix_path.dsv
[0.425s] -- Up-to-date: /root/ros2_ws/src/robotica/install/keyboard_msgs/share/keyboard_msgs/environment/path.sh
[0.425s] -- Up-to-date: /root/ros2_ws/src/robotica/install/keyboard_msgs/share/keyboard_msgs/environment/path.dsv
[0.425s] -- Up-to-date: /root/ros2_ws/src/robotica/install/keyboard_msgs/share/keyboard_msgs/local_setup.bash
[0.425s] -- Up-to-date: /root/ros2_ws/src/robotica/install/keyboard_msgs/share/keyboard_msgs/local_setup.sh
[0.425s] -- Up-to-date: /root/ros2_ws/src/robotica/install/keyboard_msgs/share/keyboard_msgs/local_setup.zsh
[0.425s] -- Up-to-date: /root/ros2_ws/src/robotica/install/keyboard_msgs/share/keyboard_msgs/local_setup.dsv
[0.425s] -- Installing: /root/ros2_ws/src/robotica/install/keyboard_msgs/share/keyboard_msgs/package.dsv
[0.425s] -- Up-to-date: /root/ros2_ws/src/robotica/install/keyboard_msgs/share/ament_index/resource_index/packages/keyboard_msgs
[0.426s] -- Up-to-date: /root/ros2_ws/src/robotica/install/keyboard_msgs/share/keyboard_msgs/cmake/export_keyboard_msgs__rosidl_generator_cExport.cmake
[0.426s] -- Up-to-date: /root/ros2_ws/src/robotica/install/keyboard_msgs/share/keyboard_msgs/cmake/export_keyboard_msgs__rosidl_generator_cExport-noconfig.cmake
[0.426s] -- Up-to-date: /root/ros2_ws/src/robotica/install/keyboard_msgs/share/keyboard_msgs/cmake/export_keyboard_msgs__rosidl_typesupport_fastrtps_cExport.cmake
[0.426s] -- Up-to-date: /root/ros2_ws/src/robotica/install/keyboard_msgs/share/keyboard_msgs/cmake/export_keyboard_msgs__rosidl_typesupport_fastrtps_cExport-noconfig.cmake
[0.426s] -- Up-to-date: /root/ros2_ws/src/robotica/install/keyboard_msgs/share/keyboard_msgs/cmake/export_keyboard_msgs__rosidl_generator_cppExport.cmake
[0.426s] -- Up-to-date: /root/ros2_ws/src/robotica/install/keyboard_msgs/share/keyboard_msgs/cmake/export_keyboard_msgs__rosidl_typesupport_fastrtps_cppExport.cmake
[0.426s] -- Up-to-date: /root/ros2_ws/src/robotica/install/keyboard_msgs/share/keyboard_msgs/cmake/export_keyboard_msgs__rosidl_typesupport_fastrtps_cppExport-noconfig.cmake
[0.427s] -- Up-to-date: /root/ros2_ws/src/robotica/install/keyboard_msgs/share/keyboard_msgs/cmake/keyboard_msgs__rosidl_typesupport_introspection_cExport.cmake
[0.427s] -- Up-to-date: /root/ros2_ws/src/robotica/install/keyboard_msgs/share/keyboard_msgs/cmake/keyboard_msgs__rosidl_typesupport_introspection_cExport-noconfig.cmake
[0.427s] -- Up-to-date: /root/ros2_ws/src/robotica/install/keyboard_msgs/share/keyboard_msgs/cmake/keyboard_msgs__rosidl_typesupport_cExport.cmake
[0.427s] -- Up-to-date: /root/ros2_ws/src/robotica/install/keyboard_msgs/share/keyboard_msgs/cmake/keyboard_msgs__rosidl_typesupport_cExport-noconfig.cmake
[0.427s] -- Up-to-date: /root/ros2_ws/src/robotica/install/keyboard_msgs/share/keyboard_msgs/cmake/keyboard_msgs__rosidl_typesupport_introspection_cppExport.cmake
[0.427s] -- Up-to-date: /root/ros2_ws/src/robotica/install/keyboard_msgs/share/keyboard_msgs/cmake/keyboard_msgs__rosidl_typesupport_introspection_cppExport-noconfig.cmake
[0.427s] -- Up-to-date: /root/ros2_ws/src/robotica/install/keyboard_msgs/share/keyboard_msgs/cmake/keyboard_msgs__rosidl_typesupport_cppExport.cmake
[0.427s] -- Up-to-date: /root/ros2_ws/src/robotica/install/keyboard_msgs/share/keyboard_msgs/cmake/keyboard_msgs__rosidl_typesupport_cppExport-noconfig.cmake
[0.427s] -- Up-to-date: /root/ros2_ws/src/robotica/install/keyboard_msgs/share/keyboard_msgs/cmake/export_keyboard_msgs__rosidl_generator_pyExport.cmake
[0.427s] -- Up-to-date: /root/ros2_ws/src/robotica/install/keyboard_msgs/share/keyboard_msgs/cmake/export_keyboard_msgs__rosidl_generator_pyExport-noconfig.cmake
[0.427s] -- Up-to-date: /root/ros2_ws/src/robotica/install/keyboard_msgs/share/keyboard_msgs/cmake/rosidl_cmake-extras.cmake
[0.427s] -- Up-to-date: /root/ros2_ws/src/robotica/install/keyboard_msgs/share/keyboard_msgs/cmake/ament_cmake_export_dependencies-extras.cmake
[0.428s] -- Up-to-date: /root/ros2_ws/src/robotica/install/keyboard_msgs/share/keyboard_msgs/cmake/ament_cmake_export_include_directories-extras.cmake
[0.428s] -- Up-to-date: /root/ros2_ws/src/robotica/install/keyboard_msgs/share/keyboard_msgs/cmake/ament_cmake_export_libraries-extras.cmake
[0.428s] -- Up-to-date: /root/ros2_ws/src/robotica/install/keyboard_msgs/share/keyboard_msgs/cmake/ament_cmake_export_targets-extras.cmake
[0.428s] -- Up-to-date: /root/ros2_ws/src/robotica/install/keyboard_msgs/share/keyboard_msgs/cmake/rosidl_cmake_export_typesupport_targets-extras.cmake
[0.428s] -- Up-to-date: /root/ros2_ws/src/robotica/install/keyboard_msgs/share/keyboard_msgs/cmake/rosidl_cmake_export_typesupport_libraries-extras.cmake
[0.428s] -- Up-to-date: /root/ros2_ws/src/robotica/install/keyboard_msgs/share/keyboard_msgs/cmake/keyboard_msgsConfig.cmake
[0.428s] -- Up-to-date: /root/ros2_ws/src/robotica/install/keyboard_msgs/share/keyboard_msgs/cmake/keyboard_msgsConfig-version.cmake
[0.428s] -- Up-to-date: /root/ros2_ws/src/robotica/install/keyboard_msgs/share/keyboard_msgs/package.xml
[0.431s] Invoked command in '/root/ros2_ws/src/robotica/build/keyboard_msgs' returned '0': CMAKE_PREFIX_PATH=${CMAKE_PREFIX_PATH}:/opt/ros/humble /usr/bin/cmake --install /root/ros2_ws/src/robotica/build/keyboard_msgs
