-- The C compiler identification is GNU 11.4.0
-- The CXX compiler identification is GNU 11.4.0
-- Detecting C compiler ABI info
-- Detecting C compiler ABI info - done
-- Check for working C compiler: /usr/bin/cc - skipped
-- Detecting C compile features
-- Detecting C compile features - done
-- Detecting CXX compiler ABI info
-- Detecting CXX compiler ABI info - done
-- Check for working CXX compiler: /usr/bin/c++ - skipped
-- Detecting CXX compile features
-- Detecting CXX compile features - done
-- Found ament_cmake: 1.3.12 (/opt/ros/humble/share/ament_cmake/cmake)
-- Found Python3: /usr/bin/python3 (found version "3.10.12") found components: Interpreter 
-- Found rclcpp: 16.0.15 (/opt/ros/humble/share/rclcpp/cmake)
-- Found rosidl_generator_c: 3.1.7 (/opt/ros/humble/share/rosidl_generator_c/cmake)
-- Found rosidl_adapter: 3.1.7 (/opt/ros/humble/share/rosidl_adapter/cmake)
-- Found rosidl_generator_cpp: 3.1.7 (/opt/ros/humble/share/rosidl_generator_cpp/cmake)
-- Using all available rosidl_typesupport_c: rosidl_typesupport_fastrtps_c;rosidl_typesupport_introspection_c
-- Using all available rosidl_typesupport_cpp: rosidl_typesupport_fastrtps_cpp;rosidl_typesupport_introspection_cpp
-- Found rmw_implementation_cmake: 6.1.2 (/opt/ros/humble/share/rmw_implementation_cmake/cmake)
-- Found rmw_fastrtps_cpp: 6.2.8 (/opt/ros/humble/share/rmw_fastrtps_cpp/cmake)
-- Found OpenSSL: /usr/lib/x86_64-linux-gnu/libcrypto.so (found version "3.0.2")  
-- Found FastRTPS: /opt/ros/humble/include  
-- Using RMW implementation 'rmw_fastrtps_cpp' as default
-- Looking for pthread.h
-- Looking for pthread.h - found
-- Performing Test CMAKE_HAVE_LIBC_PTHREAD
-- Performing Test CMAKE_HAVE_LIBC_PTHREAD - Success
-- Found Threads: TRUE  
-- Found geometry_msgs: 4.9.0 (/opt/ros/humble/share/geometry_msgs/cmake)
-- Found keyboard_msgs: 1.0.0 (/root/ros2_ws/src/robotica/install/keyboard_msgs/share/keyboard_msgs/cmake)
-- Configuring done
-- Generating done
-- Build files have been written to: /root/ros2_ws/src/robotica/build/ros_intro
[ 33%] [32mBuilding CXX object CMakeFiles/keys_to_twist.dir/src/keys_to_twist_node.cpp.o[0m
[ 66%] [32mBuilding CXX object CMakeFiles/keys_to_twist.dir/src/keys_to_twist.cpp.o[0m
[100%] [32m[1mLinking CXX executable keys_to_twist[0m
[100%] Built target keys_to_twist
-- Install configuration: ""
-- Installing: /root/ros2_ws/src/robotica/install/ros_intro/lib/ros_intro/keys_to_twist
-- Set runtime path of "/root/ros2_ws/src/robotica/install/ros_intro/lib/ros_intro/keys_to_twist" to ""
-- Installing: /root/ros2_ws/src/robotica/install/ros_intro/share/ament_index/resource_index/package_run_dependencies/ros_intro
-- Installing: /root/ros2_ws/src/robotica/install/ros_intro/share/ament_index/resource_index/parent_prefix_path/ros_intro
-- Installing: /root/ros2_ws/src/robotica/install/ros_intro/share/ros_intro/environment/ament_prefix_path.sh
-- Installing: /root/ros2_ws/src/robotica/install/ros_intro/share/ros_intro/environment/ament_prefix_path.dsv
-- Installing: /root/ros2_ws/src/robotica/install/ros_intro/share/ros_intro/environment/path.sh
-- Installing: /root/ros2_ws/src/robotica/install/ros_intro/share/ros_intro/environment/path.dsv
-- Installing: /root/ros2_ws/src/robotica/install/ros_intro/share/ros_intro/local_setup.bash
-- Installing: /root/ros2_ws/src/robotica/install/ros_intro/share/ros_intro/local_setup.sh
-- Installing: /root/ros2_ws/src/robotica/install/ros_intro/share/ros_intro/local_setup.zsh
-- Installing: /root/ros2_ws/src/robotica/install/ros_intro/share/ros_intro/local_setup.dsv
-- Installing: /root/ros2_ws/src/robotica/install/ros_intro/share/ros_intro/package.dsv
-- Installing: /root/ros2_ws/src/robotica/install/ros_intro/share/ament_index/resource_index/packages/ros_intro
-- Installing: /root/ros2_ws/src/robotica/install/ros_intro/share/ros_intro/cmake/ros_introConfig.cmake
-- Installing: /root/ros2_ws/src/robotica/install/ros_intro/share/ros_intro/cmake/ros_introConfig-version.cmake
-- Installing: /root/ros2_ws/src/robotica/install/ros_intro/share/ros_intro/package.xml
