[0.017s] Invoking command in '/root/ros2_ws/src/robotica/build/ros_intro': AMENT_PREFIX_PATH=/root/ros2_ws/src/robotica/install/keyboard_msgs:${AMENT_PREFIX_PATH} CMAKE_PREFIX_PATH=/root/ros2_ws/src/robotica/install/keyboard_msgs:/root/ros2_ws/install/sim_ros2_interface:/opt/ros/humble LD_LIBRARY_PATH=/root/ros2_ws/src/robotica/install/keyboard_msgs/lib:/usr/lib/x86_64-linux-gnu/gazebo-11/plugins:/opt/ros/humble/opt/rviz_ogre_vendor/lib:/opt/ros/humble/lib/x86_64-linux-gnu:/opt/ros/humble/lib:/usr/lib/x86_64-linux-gnu/gazebo-11/plugins PYTHONPATH=/root/ros2_ws/src/robotica/install/keyboard_msgs/local/lib/python3.10/dist-packages:${PYTHONPATH} /usr/bin/cmake /root/ros2_ws/src/robotica/ros_intro -DCMAKE_INSTALL_PREFIX=/root/ros2_ws/src/robotica/install/ros_intro
[0.111s] -- The C compiler identification is GNU 11.4.0
[0.200s] -- The CXX compiler identification is GNU 11.4.0
[0.212s] -- Detecting C compiler ABI info
[0.322s] -- Detecting C compiler ABI info - done
[0.335s] -- Check for working C compiler: /usr/bin/cc - skipped
[0.336s] -- Detecting C compile features
[0.336s] -- Detecting C compile features - done
[0.341s] -- Detecting CXX compiler ABI info
[0.471s] -- Detecting CXX compiler ABI info - done
[0.483s] -- Check for working CXX compiler: /usr/bin/c++ - skipped
[0.484s] -- Detecting CXX compile features
[0.485s] -- Detecting CXX compile features - done
[0.490s] -- Found ament_cmake: 1.3.12 (/opt/ros/humble/share/ament_cmake/cmake)
[0.831s] -- Found Python3: /usr/bin/python3 (found version "3.10.12") found components: Interpreter 
[1.013s] -- Found rclcpp: 16.0.15 (/opt/ros/humble/share/rclcpp/cmake)
[1.117s] -- Found rosidl_generator_c: 3.1.7 (/opt/ros/humble/share/rosidl_generator_c/cmake)
[1.130s] -- Found rosidl_adapter: 3.1.7 (/opt/ros/humble/share/rosidl_adapter/cmake)
[1.151s] -- Found rosidl_generator_cpp: 3.1.7 (/opt/ros/humble/share/rosidl_generator_cpp/cmake)
[1.178s] -- Using all available rosidl_typesupport_c: rosidl_typesupport_fastrtps_c;rosidl_typesupport_introspection_c
[1.212s] -- Using all available rosidl_typesupport_cpp: rosidl_typesupport_fastrtps_cpp;rosidl_typesupport_introspection_cpp
[1.324s] -- Found rmw_implementation_cmake: 6.1.2 (/opt/ros/humble/share/rmw_implementation_cmake/cmake)
[1.333s] -- Found rmw_fastrtps_cpp: 6.2.8 (/opt/ros/humble/share/rmw_fastrtps_cpp/cmake)
[1.519s] -- Found OpenSSL: /usr/lib/x86_64-linux-gnu/libcrypto.so (found version "3.0.2")  
[1.576s] -- Found FastRTPS: /opt/ros/humble/include  
[1.663s] -- Using RMW implementation 'rmw_fastrtps_cpp' as default
[1.690s] -- Looking for pthread.h
[1.812s] -- Looking for pthread.h - found
[1.813s] -- Performing Test CMAKE_HAVE_LIBC_PTHREAD
[1.935s] -- Performing Test CMAKE_HAVE_LIBC_PTHREAD - Success
[1.937s] -- Found Threads: TRUE  
[2.056s] -- Found geometry_msgs: 4.9.0 (/opt/ros/humble/share/geometry_msgs/cmake)
[2.090s] -- Found keyboard_msgs: 1.0.0 (/root/ros2_ws/src/robotica/install/keyboard_msgs/share/keyboard_msgs/cmake)
[2.191s] -- Configuring done
[2.201s] -- Generating done
[2.205s] -- Build files have been written to: /root/ros2_ws/src/robotica/build/ros_intro
[2.215s] Invoked command in '/root/ros2_ws/src/robotica/build/ros_intro' returned '0': AMENT_PREFIX_PATH=/root/ros2_ws/src/robotica/install/keyboard_msgs:${AMENT_PREFIX_PATH} CMAKE_PREFIX_PATH=/root/ros2_ws/src/robotica/install/keyboard_msgs:/root/ros2_ws/install/sim_ros2_interface:/opt/ros/humble LD_LIBRARY_PATH=/root/ros2_ws/src/robotica/install/keyboard_msgs/lib:/usr/lib/x86_64-linux-gnu/gazebo-11/plugins:/opt/ros/humble/opt/rviz_ogre_vendor/lib:/opt/ros/humble/lib/x86_64-linux-gnu:/opt/ros/humble/lib:/usr/lib/x86_64-linux-gnu/gazebo-11/plugins PYTHONPATH=/root/ros2_ws/src/robotica/install/keyboard_msgs/local/lib/python3.10/dist-packages:${PYTHONPATH} /usr/bin/cmake /root/ros2_ws/src/robotica/ros_intro -DCMAKE_INSTALL_PREFIX=/root/ros2_ws/src/robotica/install/ros_intro
[2.217s] Invoking command in '/root/ros2_ws/src/robotica/build/ros_intro': AMENT_PREFIX_PATH=/root/ros2_ws/src/robotica/install/keyboard_msgs:${AMENT_PREFIX_PATH} CMAKE_PREFIX_PATH=/root/ros2_ws/src/robotica/install/keyboard_msgs:/root/ros2_ws/install/sim_ros2_interface:/opt/ros/humble LD_LIBRARY_PATH=/root/ros2_ws/src/robotica/install/keyboard_msgs/lib:/usr/lib/x86_64-linux-gnu/gazebo-11/plugins:/opt/ros/humble/opt/rviz_ogre_vendor/lib:/opt/ros/humble/lib/x86_64-linux-gnu:/opt/ros/humble/lib:/usr/lib/x86_64-linux-gnu/gazebo-11/plugins PYTHONPATH=/root/ros2_ws/src/robotica/install/keyboard_msgs/local/lib/python3.10/dist-packages:${PYTHONPATH} /usr/bin/cmake --build /root/ros2_ws/src/robotica/build/ros_intro -- -j12 -l12
[2.298s] [ 33%] [32mBuilding CXX object CMakeFiles/keys_to_twist.dir/src/keys_to_twist_node.cpp.o[0m
[2.299s] [ 66%] [32mBuilding CXX object CMakeFiles/keys_to_twist.dir/src/keys_to_twist.cpp.o[0m
[7.523s] [100%] [32m[1mLinking CXX executable keys_to_twist[0m
[7.925s] [100%] Built target keys_to_twist
[7.941s] Invoked command in '/root/ros2_ws/src/robotica/build/ros_intro' returned '0': AMENT_PREFIX_PATH=/root/ros2_ws/src/robotica/install/keyboard_msgs:${AMENT_PREFIX_PATH} CMAKE_PREFIX_PATH=/root/ros2_ws/src/robotica/install/keyboard_msgs:/root/ros2_ws/install/sim_ros2_interface:/opt/ros/humble LD_LIBRARY_PATH=/root/ros2_ws/src/robotica/install/keyboard_msgs/lib:/usr/lib/x86_64-linux-gnu/gazebo-11/plugins:/opt/ros/humble/opt/rviz_ogre_vendor/lib:/opt/ros/humble/lib/x86_64-linux-gnu:/opt/ros/humble/lib:/usr/lib/x86_64-linux-gnu/gazebo-11/plugins PYTHONPATH=/root/ros2_ws/src/robotica/install/keyboard_msgs/local/lib/python3.10/dist-packages:${PYTHONPATH} /usr/bin/cmake --build /root/ros2_ws/src/robotica/build/ros_intro -- -j12 -l12
[7.944s] Invoking command in '/root/ros2_ws/src/robotica/build/ros_intro': AMENT_PREFIX_PATH=/root/ros2_ws/src/robotica/install/keyboard_msgs:${AMENT_PREFIX_PATH} CMAKE_PREFIX_PATH=/root/ros2_ws/src/robotica/install/keyboard_msgs:/root/ros2_ws/install/sim_ros2_interface:/opt/ros/humble LD_LIBRARY_PATH=/root/ros2_ws/src/robotica/install/keyboard_msgs/lib:/usr/lib/x86_64-linux-gnu/gazebo-11/plugins:/opt/ros/humble/opt/rviz_ogre_vendor/lib:/opt/ros/humble/lib/x86_64-linux-gnu:/opt/ros/humble/lib:/usr/lib/x86_64-linux-gnu/gazebo-11/plugins PYTHONPATH=/root/ros2_ws/src/robotica/install/keyboard_msgs/local/lib/python3.10/dist-packages:${PYTHONPATH} /usr/bin/cmake --install /root/ros2_ws/src/robotica/build/ros_intro
[7.954s] -- Install configuration: ""
[7.954s] -- Installing: /root/ros2_ws/src/robotica/install/ros_intro/lib/ros_intro/keys_to_twist
[7.957s] -- Set runtime path of "/root/ros2_ws/src/robotica/install/ros_intro/lib/ros_intro/keys_to_twist" to ""
[7.957s] -- Installing: /root/ros2_ws/src/robotica/install/ros_intro/share/ament_index/resource_index/package_run_dependencies/ros_intro
[7.958s] -- Installing: /root/ros2_ws/src/robotica/install/ros_intro/share/ament_index/resource_index/parent_prefix_path/ros_intro
[7.958s] -- Installing: /root/ros2_ws/src/robotica/install/ros_intro/share/ros_intro/environment/ament_prefix_path.sh
[7.958s] -- Installing: /root/ros2_ws/src/robotica/install/ros_intro/share/ros_intro/environment/ament_prefix_path.dsv
[7.958s] -- Installing: /root/ros2_ws/src/robotica/install/ros_intro/share/ros_intro/environment/path.sh
[7.958s] -- Installing: /root/ros2_ws/src/robotica/install/ros_intro/share/ros_intro/environment/path.dsv
[7.959s] -- Installing: /root/ros2_ws/src/robotica/install/ros_intro/share/ros_intro/local_setup.bash
[7.959s] -- Installing: /root/ros2_ws/src/robotica/install/ros_intro/share/ros_intro/local_setup.sh
[7.959s] -- Installing: /root/ros2_ws/src/robotica/install/ros_intro/share/ros_intro/local_setup.zsh
[7.959s] -- Installing: /root/ros2_ws/src/robotica/install/ros_intro/share/ros_intro/local_setup.dsv
[7.959s] -- Installing: /root/ros2_ws/src/robotica/install/ros_intro/share/ros_intro/package.dsv
[7.959s] -- Installing: /root/ros2_ws/src/robotica/install/ros_intro/share/ament_index/resource_index/packages/ros_intro
[7.959s] -- Installing: /root/ros2_ws/src/robotica/install/ros_intro/share/ros_intro/cmake/ros_introConfig.cmake
[7.960s] -- Installing: /root/ros2_ws/src/robotica/install/ros_intro/share/ros_intro/cmake/ros_introConfig-version.cmake
[7.960s] -- Installing: /root/ros2_ws/src/robotica/install/ros_intro/share/ros_intro/package.xml
[7.963s] Invoked command in '/root/ros2_ws/src/robotica/build/ros_intro' returned '0': AMENT_PREFIX_PATH=/root/ros2_ws/src/robotica/install/keyboard_msgs:${AMENT_PREFIX_PATH} CMAKE_PREFIX_PATH=/root/ros2_ws/src/robotica/install/keyboard_msgs:/root/ros2_ws/install/sim_ros2_interface:/opt/ros/humble LD_LIBRARY_PATH=/root/ros2_ws/src/robotica/install/keyboard_msgs/lib:/usr/lib/x86_64-linux-gnu/gazebo-11/plugins:/opt/ros/humble/opt/rviz_ogre_vendor/lib:/opt/ros/humble/lib/x86_64-linux-gnu:/opt/ros/humble/lib:/usr/lib/x86_64-linux-gnu/gazebo-11/plugins PYTHONPATH=/root/ros2_ws/src/robotica/install/keyboard_msgs/local/lib/python3.10/dist-packages:${PYTHONPATH} /usr/bin/cmake --install /root/ros2_ws/src/robotica/build/ros_intro
