[0.046s] Invoking command in '/root/ros2_ws/src/robotica/build/keyboard_msgs': CMAKE_PREFIX_PATH=${CMAKE_PREFIX_PATH}:/opt/ros/humble /usr/bin/cmake /root/ros2_ws/src/robotica/ros2-keyboard/keyboard_msgs -DCMAKE_INSTALL_PREFIX=/root/ros2_ws/src/robotica/install/keyboard_msgs
[0.296s] -- The C compiler identification is GNU 11.4.0
[0.446s] -- The CXX compiler identification is GNU 11.4.0
[0.463s] -- Detecting C compiler ABI info
[0.581s] -- Detecting C compiler ABI info - done
[0.593s] -- Check for working C compiler: /usr/bin/cc - skipped
[0.595s] -- Detecting C compile features
[0.596s] -- Detecting C compile features - done
[0.602s] -- Detecting CXX compiler ABI info
[0.744s] -- Detecting CXX compiler ABI info - done
[0.756s] -- Check for working CXX compiler: /usr/bin/c++ - skipped
[0.756s] -- Detecting CXX compile features
[0.757s] -- Detecting CXX compile features - done
[0.768s] -- Found ament_cmake: 1.3.12 (/opt/ros/humble/share/ament_cmake/cmake)
[1.021s] -- Found Python3: /usr/bin/python3 (found version "3.10.12") found components: Interpreter 
[1.215s] -- Found std_msgs: 4.9.0 (/opt/ros/humble/share/std_msgs/cmake)
[1.317s] -- Found rosidl_generator_c: 3.1.7 (/opt/ros/humble/share/rosidl_generator_c/cmake)
[1.334s] -- Found rosidl_adapter: 3.1.7 (/opt/ros/humble/share/rosidl_adapter/cmake)
[1.355s] -- Found rosidl_generator_cpp: 3.1.7 (/opt/ros/humble/share/rosidl_generator_cpp/cmake)
[1.382s] -- Using all available rosidl_typesupport_c: rosidl_typesupport_fastrtps_c;rosidl_typesupport_introspection_c
[1.423s] -- Using all available rosidl_typesupport_cpp: rosidl_typesupport_fastrtps_cpp;rosidl_typesupport_introspection_cpp
[1.483s] -- Found rosidl_default_generators: 1.2.0 (/opt/ros/humble/share/rosidl_default_generators/cmake)
[2.002s] -- Found ament_cmake_ros: 0.10.0 (/opt/ros/humble/share/ament_cmake_ros/cmake)
[2.613s] -- Using all available rosidl_typesupport_c: rosidl_typesupport_fastrtps_c;rosidl_typesupport_introspection_c
[2.837s] -- Using all available rosidl_typesupport_cpp: rosidl_typesupport_fastrtps_cpp;rosidl_typesupport_introspection_cpp
[2.872s] -- Found PythonInterp: /usr/bin/python3 (found suitable version "3.10.12", minimum required is "3.6") 
[2.878s] -- Found python_cmake_module: 0.10.0 (/opt/ros/humble/share/python_cmake_module/cmake)
[2.920s] -- Found PythonLibs: /usr/lib/x86_64-linux-gnu/libpython3.10.so (found suitable version "3.10.12", minimum required is "3.5") 
[2.920s] -- Using PYTHON_EXECUTABLE: /usr/bin/python3
[2.920s] -- Using PYTHON_INCLUDE_DIRS: /usr/include/python3.10
[2.920s] -- Using PYTHON_LIBRARIES: /usr/lib/x86_64-linux-gnu/libpython3.10.so
[2.956s] -- Found PythonExtra: .so  
[3.030s] -- Found ament_lint_auto: 0.12.14 (/opt/ros/humble/share/ament_lint_auto/cmake)
[3.092s] -- Added test 'copyright' to check source files copyright and LICENSE
[3.096s] -- Added test 'lint_cmake' to check CMake code style
[3.100s] -- Added test 'xmllint' to check XML markup files
[3.104s] -- Configuring done
[3.165s] -- Generating done
[3.187s] -- Build files have been written to: /root/ros2_ws/src/robotica/build/keyboard_msgs
[3.198s] Invoked command in '/root/ros2_ws/src/robotica/build/keyboard_msgs' returned '0': CMAKE_PREFIX_PATH=${CMAKE_PREFIX_PATH}:/opt/ros/humble /usr/bin/cmake /root/ros2_ws/src/robotica/ros2-keyboard/keyboard_msgs -DCMAKE_INSTALL_PREFIX=/root/ros2_ws/src/robotica/install/keyboard_msgs
[3.201s] Invoking command in '/root/ros2_ws/src/robotica/build/keyboard_msgs': CMAKE_PREFIX_PATH=${CMAKE_PREFIX_PATH}:/opt/ros/humble /usr/bin/cmake --build /root/ros2_ws/src/robotica/build/keyboard_msgs -- -j12 -l12
[3.278s] [  3%] [34m[1mGenerating C code for ROS interfaces[0m
[3.297s] [  6%] [34m[1mGenerating C++ code for ROS interfaces[0m
[3.305s] [  6%] Built target ament_cmake_python_copy_keyboard_msgs
[3.529s] running egg_info
[3.529s] creating keyboard_msgs.egg-info
[3.529s] writing keyboard_msgs.egg-info/PKG-INFO
[3.529s] writing dependency_links to keyboard_msgs.egg-info/dependency_links.txt
[3.529s] writing top-level names to keyboard_msgs.egg-info/top_level.txt
[3.529s] writing manifest file 'keyboard_msgs.egg-info/SOURCES.txt'
[3.531s] reading manifest file 'keyboard_msgs.egg-info/SOURCES.txt'
[3.531s] writing manifest file 'keyboard_msgs.egg-info/SOURCES.txt'
[3.551s] [  6%] Built target ament_cmake_python_build_keyboard_msgs_egg
[4.328s] [  9%] [32mBuilding C object CMakeFiles/keyboard_msgs__rosidl_generator_c.dir/rosidl_generator_c/keyboard_msgs/msg/detail/key__functions.c.o[0m
[4.361s] [  9%] Built target keyboard_msgs__cpp
[4.378s] [ 12%] [34m[1mGenerating C++ type support for eProsima Fast-RTPS[0m
[4.381s] [ 16%] [34m[1mGenerating C++ type support dispatch for ROS interfaces[0m
[4.381s] [ 19%] [34m[1mGenerating C++ introspection for ROS interfaces[0m
[4.437s] [ 22%] [32m[1mLinking C shared library libkeyboard_msgs__rosidl_generator_c.so[0m
[4.506s] [ 22%] Built target keyboard_msgs__rosidl_generator_c
[4.518s] [ 25%] [34m[1mGenerating C introspection for ROS interfaces[0m
[4.518s] [ 29%] [34m[1mGenerating C type support for eProsima Fast-RTPS[0m
[4.522s] [ 32%] [34m[1mGenerating C type support dispatch for ROS interfaces[0m
[5.456s] [ 35%] [32mBuilding CXX object CMakeFiles/keyboard_msgs__rosidl_typesupport_fastrtps_cpp.dir/rosidl_typesupport_fastrtps_cpp/keyboard_msgs/msg/detail/dds_fastrtps/key__type_support.cpp.o[0m
[5.473s] [ 38%] [32mBuilding CXX object CMakeFiles/keyboard_msgs__rosidl_typesupport_introspection_cpp.dir/rosidl_typesupport_introspection_cpp/keyboard_msgs/msg/detail/key__type_support.cpp.o[0m
[5.528s] [ 41%] [32mBuilding CXX object CMakeFiles/keyboard_msgs__rosidl_typesupport_fastrtps_c.dir/rosidl_typesupport_fastrtps_c/keyboard_msgs/msg/detail/key__type_support_c.cpp.o[0m
[5.530s] [ 45%] [32mBuilding CXX object CMakeFiles/keyboard_msgs__rosidl_typesupport_cpp.dir/rosidl_typesupport_cpp/keyboard_msgs/msg/key__type_support.cpp.o[0m
[5.730s] [ 48%] [32m[1mLinking CXX shared library libkeyboard_msgs__rosidl_typesupport_cpp.so[0m
[5.771s] [ 48%] Built target keyboard_msgs__rosidl_typesupport_cpp
[5.781s] [ 51%] [32m[1mLinking CXX shared library libkeyboard_msgs__rosidl_typesupport_fastrtps_c.so[0m
[5.793s] [ 54%] [32m[1mLinking CXX shared library libkeyboard_msgs__rosidl_typesupport_fastrtps_cpp.so[0m
[5.856s] [ 54%] Built target keyboard_msgs__rosidl_typesupport_fastrtps_c
[5.861s] [ 54%] Built target keyboard_msgs__rosidl_typesupport_fastrtps_cpp
[5.884s] [ 58%] [32m[1mLinking CXX shared library libkeyboard_msgs__rosidl_typesupport_introspection_cpp.so[0m
[5.903s] [ 61%] [32mBuilding C object CMakeFiles/keyboard_msgs__rosidl_typesupport_introspection_c.dir/rosidl_typesupport_introspection_c/keyboard_msgs/msg/detail/key__type_support.c.o[0m
[5.975s] [ 64%] [32m[1mLinking C shared library libkeyboard_msgs__rosidl_typesupport_introspection_c.so[0m
[5.992s] [ 67%] [32mBuilding CXX object CMakeFiles/keyboard_msgs__rosidl_typesupport_c.dir/rosidl_typesupport_c/keyboard_msgs/msg/key__type_support.cpp.o[0m
[5.999s] [ 67%] Built target keyboard_msgs__rosidl_typesupport_introspection_cpp
[6.028s] [ 67%] Built target keyboard_msgs__rosidl_typesupport_introspection_c
[6.045s] [ 70%] [32m[1mLinking CXX shared library libkeyboard_msgs__rosidl_typesupport_c.so[0m
[6.109s] [ 70%] Built target keyboard_msgs__rosidl_typesupport_c
[6.142s] [ 70%] Built target keyboard_msgs
[6.174s] [ 74%] [34m[1mGenerating Python code for ROS interfaces[0m
[7.985s] [ 74%] Built target keyboard_msgs__py
[8.018s] [ 77%] [32mBuilding C object CMakeFiles/keyboard_msgs__rosidl_generator_py.dir/rosidl_generator_py/keyboard_msgs/msg/_key_s.c.o[0m
[8.197s] [ 80%] [32m[1mLinking C shared library rosidl_generator_py/keyboard_msgs/libkeyboard_msgs__rosidl_generator_py.so[0m
[8.263s] [ 80%] Built target keyboard_msgs__rosidl_generator_py
[8.294s] [ 83%] [32mBuilding C object CMakeFiles/keyboard_msgs__rosidl_typesupport_fastrtps_c__pyext.dir/rosidl_generator_py/keyboard_msgs/_keyboard_msgs_s.ep.rosidl_typesupport_fastrtps_c.c.o[0m
[8.297s] [ 87%] [32mBuilding C object CMakeFiles/keyboard_msgs__rosidl_typesupport_c__pyext.dir/rosidl_generator_py/keyboard_msgs/_keyboard_msgs_s.ep.rosidl_typesupport_c.c.o[0m
[8.297s] [ 90%] [32mBuilding C object CMakeFiles/keyboard_msgs__rosidl_typesupport_introspection_c__pyext.dir/rosidl_generator_py/keyboard_msgs/_keyboard_msgs_s.ep.rosidl_typesupport_introspection_c.c.o[0m
[8.446s] [ 93%] [32m[1mLinking C shared library rosidl_generator_py/keyboard_msgs/keyboard_msgs_s__rosidl_typesupport_fastrtps_c.cpython-310-x86_64-linux-gnu.so[0m
[8.447s] [ 96%] [32m[1mLinking C shared library rosidl_generator_py/keyboard_msgs/keyboard_msgs_s__rosidl_typesupport_introspection_c.cpython-310-x86_64-linux-gnu.so[0m
[8.463s] [100%] [32m[1mLinking C shared library rosidl_generator_py/keyboard_msgs/keyboard_msgs_s__rosidl_typesupport_c.cpython-310-x86_64-linux-gnu.so[0m
[8.512s] [100%] Built target keyboard_msgs__rosidl_typesupport_fastrtps_c__pyext
[8.513s] [100%] Built target keyboard_msgs__rosidl_typesupport_introspection_c__pyext
[8.523s] [100%] Built target keyboard_msgs__rosidl_typesupport_c__pyext
[8.545s] Invoked command in '/root/ros2_ws/src/robotica/build/keyboard_msgs' returned '0': CMAKE_PREFIX_PATH=${CMAKE_PREFIX_PATH}:/opt/ros/humble /usr/bin/cmake --build /root/ros2_ws/src/robotica/build/keyboard_msgs -- -j12 -l12
[8.559s] Invoking command in '/root/ros2_ws/src/robotica/build/keyboard_msgs': CMAKE_PREFIX_PATH=${CMAKE_PREFIX_PATH}:/opt/ros/humble /usr/bin/cmake --install /root/ros2_ws/src/robotica/build/keyboard_msgs
[8.573s] -- Install configuration: ""
[8.573s] -- Installing: /root/ros2_ws/src/robotica/install/keyboard_msgs/share/ament_index/resource_index/rosidl_interfaces/keyboard_msgs
[8.573s] -- Installing: /root/ros2_ws/src/robotica/install/keyboard_msgs/include/keyboard_msgs/keyboard_msgs
[8.574s] -- Installing: /root/ros2_ws/src/robotica/install/keyboard_msgs/include/keyboard_msgs/keyboard_msgs/msg
[8.574s] -- Installing: /root/ros2_ws/src/robotica/install/keyboard_msgs/include/keyboard_msgs/keyboard_msgs/msg/rosidl_generator_c__visibility_control.h
[8.574s] -- Installing: /root/ros2_ws/src/robotica/install/keyboard_msgs/include/keyboard_msgs/keyboard_msgs/msg/key.h
[8.574s] -- Installing: /root/ros2_ws/src/robotica/install/keyboard_msgs/include/keyboard_msgs/keyboard_msgs/msg/detail
[8.574s] -- Installing: /root/ros2_ws/src/robotica/install/keyboard_msgs/include/keyboard_msgs/keyboard_msgs/msg/detail/key__struct.h
[8.574s] -- Installing: /root/ros2_ws/src/robotica/install/keyboard_msgs/include/keyboard_msgs/keyboard_msgs/msg/detail/key__functions.h
[8.574s] -- Installing: /root/ros2_ws/src/robotica/install/keyboard_msgs/include/keyboard_msgs/keyboard_msgs/msg/detail/key__functions.c
[8.575s] -- Installing: /root/ros2_ws/src/robotica/install/keyboard_msgs/include/keyboard_msgs/keyboard_msgs/msg/detail/key__type_support.h
[8.575s] -- Installing: /root/ros2_ws/src/robotica/install/keyboard_msgs/share/keyboard_msgs/environment/library_path.sh
[8.575s] -- Installing: /root/ros2_ws/src/robotica/install/keyboard_msgs/share/keyboard_msgs/environment/library_path.dsv
[8.575s] -- Installing: /root/ros2_ws/src/robotica/install/keyboard_msgs/lib/libkeyboard_msgs__rosidl_generator_c.so
[8.575s] -- Set runtime path of "/root/ros2_ws/src/robotica/install/keyboard_msgs/lib/libkeyboard_msgs__rosidl_generator_c.so" to ""
[8.575s] -- Up-to-date: /root/ros2_ws/src/robotica/install/keyboard_msgs/include/keyboard_msgs/keyboard_msgs
[8.575s] -- Up-to-date: /root/ros2_ws/src/robotica/install/keyboard_msgs/include/keyboard_msgs/keyboard_msgs/msg
[8.575s] -- Installing: /root/ros2_ws/src/robotica/install/keyboard_msgs/include/keyboard_msgs/keyboard_msgs/msg/rosidl_typesupport_fastrtps_c__visibility_control.h
[8.575s] -- Up-to-date: /root/ros2_ws/src/robotica/install/keyboard_msgs/include/keyboard_msgs/keyboard_msgs/msg/detail
[8.576s] -- Installing: /root/ros2_ws/src/robotica/install/keyboard_msgs/include/keyboard_msgs/keyboard_msgs/msg/detail/key__rosidl_typesupport_fastrtps_c.h
[8.576s] -- Installing: /root/ros2_ws/src/robotica/install/keyboard_msgs/lib/libkeyboard_msgs__rosidl_typesupport_fastrtps_c.so
[8.576s] -- Set runtime path of "/root/ros2_ws/src/robotica/install/keyboard_msgs/lib/libkeyboard_msgs__rosidl_typesupport_fastrtps_c.so" to ""
[8.576s] -- Up-to-date: /root/ros2_ws/src/robotica/install/keyboard_msgs/include/keyboard_msgs/keyboard_msgs
[8.576s] -- Up-to-date: /root/ros2_ws/src/robotica/install/keyboard_msgs/include/keyboard_msgs/keyboard_msgs/msg
[8.576s] -- Installing: /root/ros2_ws/src/robotica/install/keyboard_msgs/include/keyboard_msgs/keyboard_msgs/msg/key.hpp
[8.576s] -- Installing: /root/ros2_ws/src/robotica/install/keyboard_msgs/include/keyboard_msgs/keyboard_msgs/msg/rosidl_generator_cpp__visibility_control.hpp
[8.576s] -- Up-to-date: /root/ros2_ws/src/robotica/install/keyboard_msgs/include/keyboard_msgs/keyboard_msgs/msg/detail
[8.576s] -- Installing: /root/ros2_ws/src/robotica/install/keyboard_msgs/include/keyboard_msgs/keyboard_msgs/msg/detail/key__type_support.hpp
[8.576s] -- Installing: /root/ros2_ws/src/robotica/install/keyboard_msgs/include/keyboard_msgs/keyboard_msgs/msg/detail/key__builder.hpp
[8.577s] -- Installing: /root/ros2_ws/src/robotica/install/keyboard_msgs/include/keyboard_msgs/keyboard_msgs/msg/detail/key__traits.hpp
[8.577s] -- Installing: /root/ros2_ws/src/robotica/install/keyboard_msgs/include/keyboard_msgs/keyboard_msgs/msg/detail/key__struct.hpp
[8.577s] -- Up-to-date: /root/ros2_ws/src/robotica/install/keyboard_msgs/include/keyboard_msgs/keyboard_msgs
[8.577s] -- Up-to-date: /root/ros2_ws/src/robotica/install/keyboard_msgs/include/keyboard_msgs/keyboard_msgs/msg
[8.578s] -- Installing: /root/ros2_ws/src/robotica/install/keyboard_msgs/include/keyboard_msgs/keyboard_msgs/msg/rosidl_typesupport_fastrtps_cpp__visibility_control.h
[8.578s] -- Up-to-date: /root/ros2_ws/src/robotica/install/keyboard_msgs/include/keyboard_msgs/keyboard_msgs/msg/detail
[8.578s] -- Installing: /root/ros2_ws/src/robotica/install/keyboard_msgs/include/keyboard_msgs/keyboard_msgs/msg/detail/dds_fastrtps
[8.578s] -- Installing: /root/ros2_ws/src/robotica/install/keyboard_msgs/include/keyboard_msgs/keyboard_msgs/msg/detail/key__rosidl_typesupport_fastrtps_cpp.hpp
[8.578s] -- Installing: /root/ros2_ws/src/robotica/install/keyboard_msgs/lib/libkeyboard_msgs__rosidl_typesupport_fastrtps_cpp.so
[8.578s] -- Set runtime path of "/root/ros2_ws/src/robotica/install/keyboard_msgs/lib/libkeyboard_msgs__rosidl_typesupport_fastrtps_cpp.so" to ""
[8.578s] -- Up-to-date: /root/ros2_ws/src/robotica/install/keyboard_msgs/include/keyboard_msgs/keyboard_msgs
[8.578s] -- Up-to-date: /root/ros2_ws/src/robotica/install/keyboard_msgs/include/keyboard_msgs/keyboard_msgs/msg
[8.578s] -- Installing: /root/ros2_ws/src/robotica/install/keyboard_msgs/include/keyboard_msgs/keyboard_msgs/msg/rosidl_typesupport_introspection_c__visibility_control.h
[8.578s] -- Up-to-date: /root/ros2_ws/src/robotica/install/keyboard_msgs/include/keyboard_msgs/keyboard_msgs/msg/detail
[8.578s] -- Installing: /root/ros2_ws/src/robotica/install/keyboard_msgs/include/keyboard_msgs/keyboard_msgs/msg/detail/key__type_support.c
[8.578s] -- Installing: /root/ros2_ws/src/robotica/install/keyboard_msgs/include/keyboard_msgs/keyboard_msgs/msg/detail/key__rosidl_typesupport_introspection_c.h
[8.579s] -- Installing: /root/ros2_ws/src/robotica/install/keyboard_msgs/lib/libkeyboard_msgs__rosidl_typesupport_introspection_c.so
[8.579s] -- Set runtime path of "/root/ros2_ws/src/robotica/install/keyboard_msgs/lib/libkeyboard_msgs__rosidl_typesupport_introspection_c.so" to ""
[8.579s] -- Installing: /root/ros2_ws/src/robotica/install/keyboard_msgs/lib/libkeyboard_msgs__rosidl_typesupport_c.so
[8.579s] -- Set runtime path of "/root/ros2_ws/src/robotica/install/keyboard_msgs/lib/libkeyboard_msgs__rosidl_typesupport_c.so" to ""
[8.579s] -- Up-to-date: /root/ros2_ws/src/robotica/install/keyboard_msgs/include/keyboard_msgs/keyboard_msgs
[8.579s] -- Up-to-date: /root/ros2_ws/src/robotica/install/keyboard_msgs/include/keyboard_msgs/keyboard_msgs/msg
[8.579s] -- Up-to-date: /root/ros2_ws/src/robotica/install/keyboard_msgs/include/keyboard_msgs/keyboard_msgs/msg/detail
[8.580s] -- Installing: /root/ros2_ws/src/robotica/install/keyboard_msgs/include/keyboard_msgs/keyboard_msgs/msg/detail/key__type_support.cpp
[8.580s] -- Installing: /root/ros2_ws/src/robotica/install/keyboard_msgs/include/keyboard_msgs/keyboard_msgs/msg/detail/key__rosidl_typesupport_introspection_cpp.hpp
[8.580s] -- Installing: /root/ros2_ws/src/robotica/install/keyboard_msgs/lib/libkeyboard_msgs__rosidl_typesupport_introspection_cpp.so
[8.580s] -- Set runtime path of "/root/ros2_ws/src/robotica/install/keyboard_msgs/lib/libkeyboard_msgs__rosidl_typesupport_introspection_cpp.so" to ""
[8.580s] -- Installing: /root/ros2_ws/src/robotica/install/keyboard_msgs/lib/libkeyboard_msgs__rosidl_typesupport_cpp.so
[8.580s] -- Set runtime path of "/root/ros2_ws/src/robotica/install/keyboard_msgs/lib/libkeyboard_msgs__rosidl_typesupport_cpp.so" to ""
[8.581s] -- Installing: /root/ros2_ws/src/robotica/install/keyboard_msgs/share/keyboard_msgs/environment/pythonpath.sh
[8.581s] -- Installing: /root/ros2_ws/src/robotica/install/keyboard_msgs/share/keyboard_msgs/environment/pythonpath.dsv
[8.581s] -- Installing: /root/ros2_ws/src/robotica/install/keyboard_msgs/local/lib/python3.10/dist-packages/keyboard_msgs-1.0.0-py3.10.egg-info
[8.581s] -- Installing: /root/ros2_ws/src/robotica/install/keyboard_msgs/local/lib/python3.10/dist-packages/keyboard_msgs-1.0.0-py3.10.egg-info/PKG-INFO
[8.581s] -- Installing: /root/ros2_ws/src/robotica/install/keyboard_msgs/local/lib/python3.10/dist-packages/keyboard_msgs-1.0.0-py3.10.egg-info/top_level.txt
[8.581s] -- Installing: /root/ros2_ws/src/robotica/install/keyboard_msgs/local/lib/python3.10/dist-packages/keyboard_msgs-1.0.0-py3.10.egg-info/SOURCES.txt
[8.581s] -- Installing: /root/ros2_ws/src/robotica/install/keyboard_msgs/local/lib/python3.10/dist-packages/keyboard_msgs-1.0.0-py3.10.egg-info/dependency_links.txt
[8.582s] -- Installing: /root/ros2_ws/src/robotica/install/keyboard_msgs/local/lib/python3.10/dist-packages/keyboard_msgs
[8.582s] -- Installing: /root/ros2_ws/src/robotica/install/keyboard_msgs/local/lib/python3.10/dist-packages/keyboard_msgs/_keyboard_msgs_s.ep.rosidl_typesupport_introspection_c.c
[8.582s] -- Installing: /root/ros2_ws/src/robotica/install/keyboard_msgs/local/lib/python3.10/dist-packages/keyboard_msgs/keyboard_msgs_s__rosidl_typesupport_fastrtps_c.cpython-310-x86_64-linux-gnu.so
[8.582s] -- Installing: /root/ros2_ws/src/robotica/install/keyboard_msgs/local/lib/python3.10/dist-packages/keyboard_msgs/libkeyboard_msgs__rosidl_generator_py.so
[8.583s] -- Installing: /root/ros2_ws/src/robotica/install/keyboard_msgs/local/lib/python3.10/dist-packages/keyboard_msgs/keyboard_msgs_s__rosidl_typesupport_c.cpython-310-x86_64-linux-gnu.so
[8.583s] -- Installing: /root/ros2_ws/src/robotica/install/keyboard_msgs/local/lib/python3.10/dist-packages/keyboard_msgs/msg
[8.583s] -- Installing: /root/ros2_ws/src/robotica/install/keyboard_msgs/local/lib/python3.10/dist-packages/keyboard_msgs/msg/_key.py
[8.583s] -- Installing: /root/ros2_ws/src/robotica/install/keyboard_msgs/local/lib/python3.10/dist-packages/keyboard_msgs/msg/_key_s.c
[8.583s] -- Installing: /root/ros2_ws/src/robotica/install/keyboard_msgs/local/lib/python3.10/dist-packages/keyboard_msgs/msg/__init__.py
[8.583s] -- Installing: /root/ros2_ws/src/robotica/install/keyboard_msgs/local/lib/python3.10/dist-packages/keyboard_msgs/__init__.py
[8.583s] -- Installing: /root/ros2_ws/src/robotica/install/keyboard_msgs/local/lib/python3.10/dist-packages/keyboard_msgs/keyboard_msgs_s__rosidl_typesupport_introspection_c.cpython-310-x86_64-linux-gnu.so
[8.584s] -- Installing: /root/ros2_ws/src/robotica/install/keyboard_msgs/local/lib/python3.10/dist-packages/keyboard_msgs/_keyboard_msgs_s.ep.rosidl_typesupport_fastrtps_c.c
[8.584s] -- Installing: /root/ros2_ws/src/robotica/install/keyboard_msgs/local/lib/python3.10/dist-packages/keyboard_msgs/_keyboard_msgs_s.ep.rosidl_typesupport_c.c
[8.643s] Listing '/root/ros2_ws/src/robotica/install/keyboard_msgs/local/lib/python3.10/dist-packages/keyboard_msgs'...
[8.644s] Compiling '/root/ros2_ws/src/robotica/install/keyboard_msgs/local/lib/python3.10/dist-packages/keyboard_msgs/__init__.py'...
[8.644s] Listing '/root/ros2_ws/src/robotica/install/keyboard_msgs/local/lib/python3.10/dist-packages/keyboard_msgs/msg'...
[8.644s] Compiling '/root/ros2_ws/src/robotica/install/keyboard_msgs/local/lib/python3.10/dist-packages/keyboard_msgs/msg/__init__.py'...
[8.644s] Compiling '/root/ros2_ws/src/robotica/install/keyboard_msgs/local/lib/python3.10/dist-packages/keyboard_msgs/msg/_key.py'...
[8.651s] -- Installing: /root/ros2_ws/src/robotica/install/keyboard_msgs/local/lib/python3.10/dist-packages/keyboard_msgs/keyboard_msgs_s__rosidl_typesupport_fastrtps_c.cpython-310-x86_64-linux-gnu.so
[8.651s] -- Set runtime path of "/root/ros2_ws/src/robotica/install/keyboard_msgs/local/lib/python3.10/dist-packages/keyboard_msgs/keyboard_msgs_s__rosidl_typesupport_fastrtps_c.cpython-310-x86_64-linux-gnu.so" to ""
[8.651s] -- Installing: /root/ros2_ws/src/robotica/install/keyboard_msgs/local/lib/python3.10/dist-packages/keyboard_msgs/keyboard_msgs_s__rosidl_typesupport_introspection_c.cpython-310-x86_64-linux-gnu.so
[8.652s] -- Set runtime path of "/root/ros2_ws/src/robotica/install/keyboard_msgs/local/lib/python3.10/dist-packages/keyboard_msgs/keyboard_msgs_s__rosidl_typesupport_introspection_c.cpython-310-x86_64-linux-gnu.so" to ""
[8.652s] -- Installing: /root/ros2_ws/src/robotica/install/keyboard_msgs/local/lib/python3.10/dist-packages/keyboard_msgs/keyboard_msgs_s__rosidl_typesupport_c.cpython-310-x86_64-linux-gnu.so
[8.652s] -- Set runtime path of "/root/ros2_ws/src/robotica/install/keyboard_msgs/local/lib/python3.10/dist-packages/keyboard_msgs/keyboard_msgs_s__rosidl_typesupport_c.cpython-310-x86_64-linux-gnu.so" to ""
[8.652s] -- Installing: /root/ros2_ws/src/robotica/install/keyboard_msgs/lib/libkeyboard_msgs__rosidl_generator_py.so
[8.653s] -- Set runtime path of "/root/ros2_ws/src/robotica/install/keyboard_msgs/lib/libkeyboard_msgs__rosidl_generator_py.so" to ""
[8.653s] -- Installing: /root/ros2_ws/src/robotica/install/keyboard_msgs/share/keyboard_msgs/msg/Key.idl
[8.653s] -- Installing: /root/ros2_ws/src/robotica/install/keyboard_msgs/share/keyboard_msgs/msg/Key.msg
[8.653s] -- Installing: /root/ros2_ws/src/robotica/install/keyboard_msgs/share/ament_index/resource_index/package_run_dependencies/keyboard_msgs
[8.653s] -- Installing: /root/ros2_ws/src/robotica/install/keyboard_msgs/share/ament_index/resource_index/parent_prefix_path/keyboard_msgs
[8.653s] -- Installing: /root/ros2_ws/src/robotica/install/keyboard_msgs/share/keyboard_msgs/environment/ament_prefix_path.sh
[8.654s] -- Installing: /root/ros2_ws/src/robotica/install/keyboard_msgs/share/keyboard_msgs/environment/ament_prefix_path.dsv
[8.654s] -- Installing: /root/ros2_ws/src/robotica/install/keyboard_msgs/share/keyboard_msgs/environment/path.sh
[8.654s] -- Installing: /root/ros2_ws/src/robotica/install/keyboard_msgs/share/keyboard_msgs/environment/path.dsv
[8.654s] -- Installing: /root/ros2_ws/src/robotica/install/keyboard_msgs/share/keyboard_msgs/local_setup.bash
[8.654s] -- Installing: /root/ros2_ws/src/robotica/install/keyboard_msgs/share/keyboard_msgs/local_setup.sh
[8.654s] -- Installing: /root/ros2_ws/src/robotica/install/keyboard_msgs/share/keyboard_msgs/local_setup.zsh
[8.654s] -- Installing: /root/ros2_ws/src/robotica/install/keyboard_msgs/share/keyboard_msgs/local_setup.dsv
[8.655s] -- Installing: /root/ros2_ws/src/robotica/install/keyboard_msgs/share/keyboard_msgs/package.dsv
[8.655s] -- Installing: /root/ros2_ws/src/robotica/install/keyboard_msgs/share/ament_index/resource_index/packages/keyboard_msgs
[8.655s] -- Installing: /root/ros2_ws/src/robotica/install/keyboard_msgs/share/keyboard_msgs/cmake/export_keyboard_msgs__rosidl_generator_cExport.cmake
[8.655s] -- Installing: /root/ros2_ws/src/robotica/install/keyboard_msgs/share/keyboard_msgs/cmake/export_keyboard_msgs__rosidl_generator_cExport-noconfig.cmake
[8.655s] -- Installing: /root/ros2_ws/src/robotica/install/keyboard_msgs/share/keyboard_msgs/cmake/export_keyboard_msgs__rosidl_typesupport_fastrtps_cExport.cmake
[8.655s] -- Installing: /root/ros2_ws/src/robotica/install/keyboard_msgs/share/keyboard_msgs/cmake/export_keyboard_msgs__rosidl_typesupport_fastrtps_cExport-noconfig.cmake
[8.656s] -- Installing: /root/ros2_ws/src/robotica/install/keyboard_msgs/share/keyboard_msgs/cmake/export_keyboard_msgs__rosidl_generator_cppExport.cmake
[8.656s] -- Installing: /root/ros2_ws/src/robotica/install/keyboard_msgs/share/keyboard_msgs/cmake/export_keyboard_msgs__rosidl_typesupport_fastrtps_cppExport.cmake
[8.656s] -- Installing: /root/ros2_ws/src/robotica/install/keyboard_msgs/share/keyboard_msgs/cmake/export_keyboard_msgs__rosidl_typesupport_fastrtps_cppExport-noconfig.cmake
[8.656s] -- Installing: /root/ros2_ws/src/robotica/install/keyboard_msgs/share/keyboard_msgs/cmake/keyboard_msgs__rosidl_typesupport_introspection_cExport.cmake
[8.656s] -- Installing: /root/ros2_ws/src/robotica/install/keyboard_msgs/share/keyboard_msgs/cmake/keyboard_msgs__rosidl_typesupport_introspection_cExport-noconfig.cmake
[8.656s] -- Installing: /root/ros2_ws/src/robotica/install/keyboard_msgs/share/keyboard_msgs/cmake/keyboard_msgs__rosidl_typesupport_cExport.cmake
[8.657s] -- Installing: /root/ros2_ws/src/robotica/install/keyboard_msgs/share/keyboard_msgs/cmake/keyboard_msgs__rosidl_typesupport_cExport-noconfig.cmake
[8.657s] -- Installing: /root/ros2_ws/src/robotica/install/keyboard_msgs/share/keyboard_msgs/cmake/keyboard_msgs__rosidl_typesupport_introspection_cppExport.cmake
[8.657s] -- Installing: /root/ros2_ws/src/robotica/install/keyboard_msgs/share/keyboard_msgs/cmake/keyboard_msgs__rosidl_typesupport_introspection_cppExport-noconfig.cmake
[8.657s] -- Installing: /root/ros2_ws/src/robotica/install/keyboard_msgs/share/keyboard_msgs/cmake/keyboard_msgs__rosidl_typesupport_cppExport.cmake
[8.657s] -- Installing: /root/ros2_ws/src/robotica/install/keyboard_msgs/share/keyboard_msgs/cmake/keyboard_msgs__rosidl_typesupport_cppExport-noconfig.cmake
[8.657s] -- Installing: /root/ros2_ws/src/robotica/install/keyboard_msgs/share/keyboard_msgs/cmake/export_keyboard_msgs__rosidl_generator_pyExport.cmake
[8.657s] -- Installing: /root/ros2_ws/src/robotica/install/keyboard_msgs/share/keyboard_msgs/cmake/export_keyboard_msgs__rosidl_generator_pyExport-noconfig.cmake
[8.658s] -- Installing: /root/ros2_ws/src/robotica/install/keyboard_msgs/share/keyboard_msgs/cmake/rosidl_cmake-extras.cmake
[8.658s] -- Installing: /root/ros2_ws/src/robotica/install/keyboard_msgs/share/keyboard_msgs/cmake/ament_cmake_export_dependencies-extras.cmake
[8.658s] -- Installing: /root/ros2_ws/src/robotica/install/keyboard_msgs/share/keyboard_msgs/cmake/ament_cmake_export_include_directories-extras.cmake
[8.658s] -- Installing: /root/ros2_ws/src/robotica/install/keyboard_msgs/share/keyboard_msgs/cmake/ament_cmake_export_libraries-extras.cmake
[8.658s] -- Installing: /root/ros2_ws/src/robotica/install/keyboard_msgs/share/keyboard_msgs/cmake/ament_cmake_export_targets-extras.cmake
[8.658s] -- Installing: /root/ros2_ws/src/robotica/install/keyboard_msgs/share/keyboard_msgs/cmake/rosidl_cmake_export_typesupport_targets-extras.cmake
[8.658s] -- Installing: /root/ros2_ws/src/robotica/install/keyboard_msgs/share/keyboard_msgs/cmake/rosidl_cmake_export_typesupport_libraries-extras.cmake
[8.659s] -- Installing: /root/ros2_ws/src/robotica/install/keyboard_msgs/share/keyboard_msgs/cmake/keyboard_msgsConfig.cmake
[8.659s] -- Installing: /root/ros2_ws/src/robotica/install/keyboard_msgs/share/keyboard_msgs/cmake/keyboard_msgsConfig-version.cmake
[8.659s] -- Installing: /root/ros2_ws/src/robotica/install/keyboard_msgs/share/keyboard_msgs/package.xml
[8.663s] Invoked command in '/root/ros2_ws/src/robotica/build/keyboard_msgs' returned '0': CMAKE_PREFIX_PATH=${CMAKE_PREFIX_PATH}:/opt/ros/humble /usr/bin/cmake --install /root/ros2_ws/src/robotica/build/keyboard_msgs
