[0.020s] Invoking command in '/root/ros2_ws/src/robotica/build/keyboard': AMENT_PREFIX_PATH=/root/ros2_ws/src/robotica/install/keyboard_msgs:${AMENT_PREFIX_PATH} CMAKE_PREFIX_PATH=/root/ros2_ws/src/robotica/install/keyboard_msgs:/root/ros2_ws/install/sim_ros2_interface:/opt/ros/humble LD_LIBRARY_PATH=/root/ros2_ws/src/robotica/install/keyboard_msgs/lib:/usr/lib/x86_64-linux-gnu/gazebo-11/plugins:/opt/ros/humble/opt/rviz_ogre_vendor/lib:/opt/ros/humble/lib/x86_64-linux-gnu:/opt/ros/humble/lib:/usr/lib/x86_64-linux-gnu/gazebo-11/plugins PYTHONPATH=/root/ros2_ws/src/robotica/install/keyboard_msgs/local/lib/python3.10/dist-packages:${PYTHONPATH} /usr/bin/cmake /root/ros2_ws/src/robotica/ros2-keyboard/keyboard -DCMAKE_INSTALL_PREFIX=/root/ros2_ws/src/robotica/install/keyboard
[0.118s] -- The C compiler identification is GNU 11.4.0
[0.210s] -- The CXX compiler identification is GNU 11.4.0
[0.221s] -- Detecting C compiler ABI info
[0.330s] -- Detecting C compiler ABI info - done
[0.345s] -- Check for working C compiler: /usr/bin/cc - skipped
[0.345s] -- Detecting C compile features
[0.346s] -- Detecting C compile features - done
[0.351s] -- Detecting CXX compiler ABI info
[0.481s] -- Detecting CXX compiler ABI info - done
[0.493s] -- Check for working CXX compiler: /usr/bin/c++ - skipped
[0.494s] -- Detecting CXX compile features
[0.495s] -- Detecting CXX compile features - done
[0.500s] -- Found ament_cmake: 1.3.12 (/opt/ros/humble/share/ament_cmake/cmake)
[0.850s] -- Found Python3: /usr/bin/python3 (found version "3.10.12") found components: Interpreter 
[1.028s] -- Found rclcpp: 16.0.15 (/opt/ros/humble/share/rclcpp/cmake)
[1.124s] -- Found rosidl_generator_c: 3.1.7 (/opt/ros/humble/share/rosidl_generator_c/cmake)
[1.138s] -- Found rosidl_adapter: 3.1.7 (/opt/ros/humble/share/rosidl_adapter/cmake)
[1.159s] -- Found rosidl_generator_cpp: 3.1.7 (/opt/ros/humble/share/rosidl_generator_cpp/cmake)
[1.186s] -- Using all available rosidl_typesupport_c: rosidl_typesupport_fastrtps_c;rosidl_typesupport_introspection_c
[1.220s] -- Using all available rosidl_typesupport_cpp: rosidl_typesupport_fastrtps_cpp;rosidl_typesupport_introspection_cpp
[1.332s] -- Found rmw_implementation_cmake: 6.1.2 (/opt/ros/humble/share/rmw_implementation_cmake/cmake)
[1.341s] -- Found rmw_fastrtps_cpp: 6.2.8 (/opt/ros/humble/share/rmw_fastrtps_cpp/cmake)
[1.527s] -- Found OpenSSL: /usr/lib/x86_64-linux-gnu/libcrypto.so (found version "3.0.2")  
[1.584s] -- Found FastRTPS: /opt/ros/humble/include  
[1.671s] -- Using RMW implementation 'rmw_fastrtps_cpp' as default
[1.698s] -- Looking for pthread.h
[1.821s] -- Looking for pthread.h - found
[1.822s] -- Performing Test CMAKE_HAVE_LIBC_PTHREAD
[1.938s] -- Performing Test CMAKE_HAVE_LIBC_PTHREAD - Success
[1.941s] -- Found Threads: TRUE  
[2.069s] -- Found SDL: /usr/lib/x86_64-linux-gnu/libSDLmain.a;/usr/lib/x86_64-linux-gnu/libSDL.so (found version "1.2.15") 
[2.070s] -- Found keyboard_msgs: 1.0.0 (/root/ros2_ws/src/robotica/install/keyboard_msgs/share/keyboard_msgs/cmake)
[2.096s] -- Found ament_lint_auto: 0.12.14 (/opt/ros/humble/share/ament_lint_auto/cmake)
[2.208s] -- Added test 'copyright' to check source files copyright and LICENSE
[2.210s] -- Added test 'cppcheck' to perform static code analysis on C / C++ code
[2.210s] -- Configured cppcheck include dirs: $<BUILD_INTERFACE:/root/ros2_ws/src/robotica/ros2-keyboard/keyboard/include>
[2.210s] -- Configured cppcheck exclude dirs and/or files: 
[2.211s] -- Added test 'cpplint' to check C / C++ code against the Google style
[2.211s] -- Configured cpplint exclude dirs and/or files: 
[2.212s] -- Added test 'flake8' to check Python code syntax and style conventions
[2.212s] -- Added test 'lint_cmake' to check CMake code style
[2.213s] -- Added test 'pep257' to check Python code against some of the docstring style conventions in PEP 257
[2.214s] -- Added test 'uncrustify' to check C / C++ code style
[2.214s] -- Configured uncrustify additional arguments: 
[2.215s] -- Added test 'xmllint' to check XML markup files
[2.216s] -- Configuring done
[2.227s] -- Generating done
[2.233s] -- Build files have been written to: /root/ros2_ws/src/robotica/build/keyboard
[2.246s] Invoked command in '/root/ros2_ws/src/robotica/build/keyboard' returned '0': AMENT_PREFIX_PATH=/root/ros2_ws/src/robotica/install/keyboard_msgs:${AMENT_PREFIX_PATH} CMAKE_PREFIX_PATH=/root/ros2_ws/src/robotica/install/keyboard_msgs:/root/ros2_ws/install/sim_ros2_interface:/opt/ros/humble LD_LIBRARY_PATH=/root/ros2_ws/src/robotica/install/keyboard_msgs/lib:/usr/lib/x86_64-linux-gnu/gazebo-11/plugins:/opt/ros/humble/opt/rviz_ogre_vendor/lib:/opt/ros/humble/lib/x86_64-linux-gnu:/opt/ros/humble/lib:/usr/lib/x86_64-linux-gnu/gazebo-11/plugins PYTHONPATH=/root/ros2_ws/src/robotica/install/keyboard_msgs/local/lib/python3.10/dist-packages:${PYTHONPATH} /usr/bin/cmake /root/ros2_ws/src/robotica/ros2-keyboard/keyboard -DCMAKE_INSTALL_PREFIX=/root/ros2_ws/src/robotica/install/keyboard
[2.249s] Invoking command in '/root/ros2_ws/src/robotica/build/keyboard': AMENT_PREFIX_PATH=/root/ros2_ws/src/robotica/install/keyboard_msgs:${AMENT_PREFIX_PATH} CMAKE_PREFIX_PATH=/root/ros2_ws/src/robotica/install/keyboard_msgs:/root/ros2_ws/install/sim_ros2_interface:/opt/ros/humble LD_LIBRARY_PATH=/root/ros2_ws/src/robotica/install/keyboard_msgs/lib:/usr/lib/x86_64-linux-gnu/gazebo-11/plugins:/opt/ros/humble/opt/rviz_ogre_vendor/lib:/opt/ros/humble/lib/x86_64-linux-gnu:/opt/ros/humble/lib:/usr/lib/x86_64-linux-gnu/gazebo-11/plugins PYTHONPATH=/root/ros2_ws/src/robotica/install/keyboard_msgs/local/lib/python3.10/dist-packages:${PYTHONPATH} /usr/bin/cmake --build /root/ros2_ws/src/robotica/build/keyboard -- -j12 -l12
[2.329s] [ 50%] [32mBuilding CXX object CMakeFiles/keyboard.dir/src/keyboard.cpp.o[0m
[5.748s] [100%] [32m[1mLinking CXX executable keyboard[0m
[5.874s] [100%] Built target keyboard
[5.882s] Invoked command in '/root/ros2_ws/src/robotica/build/keyboard' returned '0': AMENT_PREFIX_PATH=/root/ros2_ws/src/robotica/install/keyboard_msgs:${AMENT_PREFIX_PATH} CMAKE_PREFIX_PATH=/root/ros2_ws/src/robotica/install/keyboard_msgs:/root/ros2_ws/install/sim_ros2_interface:/opt/ros/humble LD_LIBRARY_PATH=/root/ros2_ws/src/robotica/install/keyboard_msgs/lib:/usr/lib/x86_64-linux-gnu/gazebo-11/plugins:/opt/ros/humble/opt/rviz_ogre_vendor/lib:/opt/ros/humble/lib/x86_64-linux-gnu:/opt/ros/humble/lib:/usr/lib/x86_64-linux-gnu/gazebo-11/plugins PYTHONPATH=/root/ros2_ws/src/robotica/install/keyboard_msgs/local/lib/python3.10/dist-packages:${PYTHONPATH} /usr/bin/cmake --build /root/ros2_ws/src/robotica/build/keyboard -- -j12 -l12
[5.883s] Invoking command in '/root/ros2_ws/src/robotica/build/keyboard': AMENT_PREFIX_PATH=/root/ros2_ws/src/robotica/install/keyboard_msgs:${AMENT_PREFIX_PATH} CMAKE_PREFIX_PATH=/root/ros2_ws/src/robotica/install/keyboard_msgs:/root/ros2_ws/install/sim_ros2_interface:/opt/ros/humble LD_LIBRARY_PATH=/root/ros2_ws/src/robotica/install/keyboard_msgs/lib:/usr/lib/x86_64-linux-gnu/gazebo-11/plugins:/opt/ros/humble/opt/rviz_ogre_vendor/lib:/opt/ros/humble/lib/x86_64-linux-gnu:/opt/ros/humble/lib:/usr/lib/x86_64-linux-gnu/gazebo-11/plugins PYTHONPATH=/root/ros2_ws/src/robotica/install/keyboard_msgs/local/lib/python3.10/dist-packages:${PYTHONPATH} /usr/bin/cmake --install /root/ros2_ws/src/robotica/build/keyboard
[5.888s] -- Install configuration: "Release"
[5.888s] -- Installing: /root/ros2_ws/src/robotica/install/keyboard/lib/keyboard/keyboard
[5.888s] -- Set runtime path of "/root/ros2_ws/src/robotica/install/keyboard/lib/keyboard/keyboard" to ""
[5.888s] -- Installing: /root/ros2_ws/src/robotica/install/keyboard/lib/keyboard/keyboard_to_joy.py
[5.888s] -- Installing: /root/ros2_ws/src/robotica/install/keyboard/share/keyboard/config
[5.888s] -- Installing: /root/ros2_ws/src/robotica/install/keyboard/share/keyboard/config/example_config.yaml
[5.889s] -- Installing: /root/ros2_ws/src/robotica/install/keyboard/share/ament_index/resource_index/package_run_dependencies/keyboard
[5.889s] -- Installing: /root/ros2_ws/src/robotica/install/keyboard/share/ament_index/resource_index/parent_prefix_path/keyboard
[5.889s] -- Installing: /root/ros2_ws/src/robotica/install/keyboard/share/keyboard/environment/ament_prefix_path.sh
[5.889s] -- Installing: /root/ros2_ws/src/robotica/install/keyboard/share/keyboard/environment/ament_prefix_path.dsv
[5.889s] -- Installing: /root/ros2_ws/src/robotica/install/keyboard/share/keyboard/environment/path.sh
[5.889s] -- Installing: /root/ros2_ws/src/robotica/install/keyboard/share/keyboard/environment/path.dsv
[5.889s] -- Installing: /root/ros2_ws/src/robotica/install/keyboard/share/keyboard/local_setup.bash
[5.889s] -- Installing: /root/ros2_ws/src/robotica/install/keyboard/share/keyboard/local_setup.sh
[5.889s] -- Installing: /root/ros2_ws/src/robotica/install/keyboard/share/keyboard/local_setup.zsh
[5.889s] -- Installing: /root/ros2_ws/src/robotica/install/keyboard/share/keyboard/local_setup.dsv
[5.889s] -- Installing: /root/ros2_ws/src/robotica/install/keyboard/share/keyboard/package.dsv
[5.889s] -- Installing: /root/ros2_ws/src/robotica/install/keyboard/share/ament_index/resource_index/packages/keyboard
[5.890s] -- Installing: /root/ros2_ws/src/robotica/install/keyboard/share/keyboard/cmake/keyboardConfig.cmake
[5.890s] -- Installing: /root/ros2_ws/src/robotica/install/keyboard/share/keyboard/cmake/keyboardConfig-version.cmake
[5.890s] -- Installing: /root/ros2_ws/src/robotica/install/keyboard/share/keyboard/package.xml
[5.891s] Invoked command in '/root/ros2_ws/src/robotica/build/keyboard' returned '0': AMENT_PREFIX_PATH=/root/ros2_ws/src/robotica/install/keyboard_msgs:${AMENT_PREFIX_PATH} CMAKE_PREFIX_PATH=/root/ros2_ws/src/robotica/install/keyboard_msgs:/root/ros2_ws/install/sim_ros2_interface:/opt/ros/humble LD_LIBRARY_PATH=/root/ros2_ws/src/robotica/install/keyboard_msgs/lib:/usr/lib/x86_64-linux-gnu/gazebo-11/plugins:/opt/ros/humble/opt/rviz_ogre_vendor/lib:/opt/ros/humble/lib/x86_64-linux-gnu:/opt/ros/humble/lib:/usr/lib/x86_64-linux-gnu/gazebo-11/plugins PYTHONPATH=/root/ros2_ws/src/robotica/install/keyboard_msgs/local/lib/python3.10/dist-packages:${PYTHONPATH} /usr/bin/cmake --install /root/ros2_ws/src/robotica/build/keyboard
